<?xml version="1.0" encoding="UTF-8"?>
<testsuite xmlns:xsi="http://www.w3.org/2001/XMLSchema-instance" xsi:noNamespaceSchemaLocation="https://maven.apache.org/surefire/maven-surefire-plugin/xsd/surefire-test-report.xsd" version="3.0.2" name="com.heritage.platform.PostReviewFlowApiTests" time="5.256" tests="22" errors="0" skipped="0" failures="0" flakes="0">
  <properties>
[...]
</properties>
  <testcase name="adminCanRejectContributorApplicationsWithoutPromotingUser" classname="com.heritage.platform.PostReviewFlowApiTests" time="0.704">
    <system-out><![CDATA[2026-04-20T00:57:13.319+08:00  INFO 35132 --- [heritage-platform] [           main] t.c.s.AnnotationConfigContextLoaderUtils : Could not detect default configuration classes for test class [com.heritage.platform.PostReviewFlowApiTests]: PostReviewFlowApiTests does not declare any static, non-private, non-final, nested classes annotated with @Configuration.
2026-04-20T00:57:13.332+08:00  INFO 35132 --- [heritage-platform] [           main] .b.t.c.SpringBootTestContextBootstrapper : Found @SpringBootConfiguration com.heritage.platform.HeritagePlatformApplication for test class com.heritage.platform.PostReviewFlowApiTests

  .   ____          _            __ _ _
 /\\ / ___'_ __ _ _(_)_ __  __ _ \ \ \ \
( ( )\___ | '_ | '_| | '_ \/ _` | \ \ \ \
 \\/  ___)| |_)| | | | | || (_| |  ) ) ) )
  '  |____| .__|_| |_|_| |_\__, | / / / /
 =========|_|==============|___/=/_/_/_/

 :: Spring Boot ::               (v3.5.13)

2026-04-20T00:57:13.380+08:00  INFO 35132 --- [heritage-platform] [           main] c.h.platform.PostReviewFlowApiTests      : Starting PostReviewFlowApiTests using Java 21.0.10 with PID 35132 (started by 18896 in C:\Users\18896\Desktop\CPT202)
2026-04-20T00:57:13.381+08:00  INFO 35132 --- [heritage-platform] [           main] c.h.platform.PostReviewFlowApiTests      : The following 1 profile is active: "test"
2026-04-20T00:57:14.873+08:00  INFO 35132 --- [heritage-platform] [           main] .s.d.r.c.RepositoryConfigurationDelegate : Bootstrapping Spring Data JPA repositories in DEFAULT mode.
2026-04-20T00:57:14.920+08:00  INFO 35132 --- [heritage-platform] [           main] .s.d.r.c.RepositoryConfigurationDelegate : Finished Spring Data repository scanning in 44 ms. Found 5 JPA repository interfaces.
2026-04-20T00:57:15.088+08:00  INFO 35132 --- [heritage-platform] [           main] o.hibernate.jpa.internal.util.LogHelper  : HHH000204: Processing PersistenceUnitInfo [name: default]
2026-04-20T00:57:15.093+08:00  INFO 35132 --- [heritage-platform] [           main] o.h.c.internal.RegionFactoryInitiator    : HHH000026: Second-level cache disabled
2026-04-20T00:57:15.108+08:00  INFO 35132 --- [heritage-platform] [           main] o.s.o.j.p.SpringPersistenceUnitInfo      : No LoadTimeWeaver setup: ignoring JPA class transformer
2026-04-20T00:57:15.109+08:00  INFO 35132 --- [heritage-platform] [           main] com.zaxxer.hikari.HikariDataSource       : HikariPool-2 - Starting...
2026-04-20T00:57:15.112+08:00  INFO 35132 --- [heritage-platform] [           main] com.zaxxer.hikari.pool.HikariPool        : HikariPool-2 - Added connection conn10: url=jdbc:h2:mem:heritage-test user=SA
2026-04-20T00:57:15.112+08:00  INFO 35132 --- [heritage-platform] [           main] com.zaxxer.hikari.HikariDataSource       : HikariPool-2 - Start completed.
2026-04-20T00:57:15.113+08:00  INFO 35132 --- [heritage-platform] [           main] org.hibernate.orm.connections.pooling    : HHH10001005: Database info:
	Database JDBC URL [Connecting through datasource 'HikariDataSource (HikariPool-2)']
	Database driver: undefined/unknown
	Database version: 2.3.232
	Autocommit mode: undefined/unknown
	Isolation level: undefined/unknown
	Minimum pool size: undefined/unknown
	Maximum pool size: undefined/unknown
2026-04-20T00:57:15.295+08:00  INFO 35132 --- [heritage-platform] [           main] o.h.e.t.j.p.i.JtaPlatformInitiator       : HHH000489: No JTA platform available (set 'hibernate.transaction.jta.platform' to enable JTA platform integration)
2026-04-20T00:57:15.323+08:00  INFO 35132 --- [heritage-platform] [           main] j.LocalContainerEntityManagerFactoryBean : Initialized JPA EntityManagerFactory for persistence unit 'default'
2026-04-20T00:57:15.503+08:00  INFO 35132 --- [heritage-platform] [           main] o.s.b.a.w.s.WelcomePageHandlerMapping    : Adding welcome page: class path resource [static/index.html]
2026-04-20T00:57:15.594+08:00  WARN 35132 --- [heritage-platform] [           main] .s.s.UserDetailsServiceAutoConfiguration : 

Using generated security password: bb786e93-c911-4a88-923a-1c668c0e7886

This generated password is for development use only. Your security configuration must be updated before running your application in production.

2026-04-20T00:57:15.594+08:00  INFO 35132 --- [heritage-platform] [           main] r$InitializeUserDetailsManagerConfigurer : Global AuthenticationManager configured with UserDetailsService bean with name inMemoryUserDetailsManager
2026-04-20T00:57:15.675+08:00  INFO 35132 --- [heritage-platform] [           main] o.s.b.a.h2.H2ConsoleAutoConfiguration    : H2 console available at '/h2-console'. Database available at 'jdbc:h2:mem:heritage-test'
2026-04-20T00:57:15.756+08:00  INFO 35132 --- [heritage-platform] [           main] o.s.b.t.m.w.SpringBootMockServletContext : Initializing Spring TestDispatcherServlet ''
2026-04-20T00:57:15.757+08:00  INFO 35132 --- [heritage-platform] [           main] o.s.t.web.servlet.TestDispatcherServlet  : Initializing Servlet ''
2026-04-20T00:57:15.758+08:00  INFO 35132 --- [heritage-platform] [           main] o.s.t.web.servlet.TestDispatcherServlet  : Completed initialization in 1 ms
2026-04-20T00:57:15.776+08:00  INFO 35132 --- [heritage-platform] [           main] c.h.platform.PostReviewFlowApiTests      : Started PostReviewFlowApiTests in 2.438 seconds (process running for 16.316)
2026-04-20T00:57:16.233+08:00  INFO 35132 --- [heritage-platform] [           main] com.heritage.platform.filter.JwtFilter   : JwtFilter - Authorization header: Bearer eyJhbGciOiJIUzUxMiJ9.eyJyb2xlIjoiQURNSU4iLCJ1c2VySWQiOjQsInVzZXJuYW1lIjoiYWRtaW4tYSIsImlhdCI6MTc3NjYxNzgzNiwiZXhwIjoxNzc2NzA0MjM2fQ.952sf6ozOI1qG9CiT-kp_OQ-KUxvl_7hJQlSiO5u3UOVeYFMzMSU4QdOZ3j9B5CIT50LRhdtQmZFT24-PrXtCQ
2026-04-20T00:57:16.233+08:00  INFO 35132 --- [heritage-platform] [           main] com.heritage.platform.filter.JwtFilter   : JwtFilter - Token: eyJhbGciOiJIUzUxMiJ9.eyJyb2xlIjoiQURNSU4iLCJ1c2VySWQiOjQsInVzZXJuYW1lIjoiYWRtaW4tYSIsImlhdCI6MTc3NjYxNzgzNiwiZXhwIjoxNzc2NzA0MjM2fQ.952sf6ozOI1qG9CiT-kp_OQ-KUxvl_7hJQlSiO5u3UOVeYFMzMSU4QdOZ3j9B5CIT50LRhdtQmZFT24-PrXtCQ
2026-04-20T00:57:16.287+08:00  INFO 35132 --- [heritage-platform] [           main] com.heritage.platform.filter.JwtFilter   : JwtFilter - Valid token for user: admin-a (ID: 4, Role: ADMIN)
2026-04-20T00:57:16.288+08:00  INFO 35132 --- [heritage-platform] [           main] com.heritage.platform.filter.JwtFilter   : JwtFilter - Authentication set in SecurityContext
]]></system-out>
  </testcase>
  <testcase name="userCanCreateAndViewOwnContributorApplications" classname="com.heritage.platform.PostReviewFlowApiTests" time="0.193">
    <system-out><![CDATA[2026-04-20T00:57:16.662+08:00  INFO 35132 --- [heritage-platform] [           main] com.heritage.platform.filter.JwtFilter   : JwtFilter - Authorization header: Bearer eyJhbGciOiJIUzUxMiJ9.eyJyb2xlIjoiVVNFUiIsInVzZXJJZCI6NSwidXNlcm5hbWUiOiJhdXRob3ItYSIsImlhdCI6MTc3NjYxNzgzNiwiZXhwIjoxNzc2NzA0MjM2fQ.A6OsH28xCheQrTp9BArM3WrVGwvnMegq3V2GOEMskFI6NQcgMXo-i7RrJV-Io1U4tO2SD4Kr-Qnvj_dfgmk_2w
2026-04-20T00:57:16.662+08:00  INFO 35132 --- [heritage-platform] [           main] com.heritage.platform.filter.JwtFilter   : JwtFilter - Token: eyJhbGciOiJIUzUxMiJ9.eyJyb2xlIjoiVVNFUiIsInVzZXJJZCI6NSwidXNlcm5hbWUiOiJhdXRob3ItYSIsImlhdCI6MTc3NjYxNzgzNiwiZXhwIjoxNzc2NzA0MjM2fQ.A6OsH28xCheQrTp9BArM3WrVGwvnMegq3V2GOEMskFI6NQcgMXo-i7RrJV-Io1U4tO2SD4Kr-Qnvj_dfgmk_2w
2026-04-20T00:57:16.663+08:00  INFO 35132 --- [heritage-platform] [           main] com.heritage.platform.filter.JwtFilter   : JwtFilter - Valid token for user: author-a (ID: 5, Role: USER)
2026-04-20T00:57:16.663+08:00  INFO 35132 --- [heritage-platform] [           main] com.heritage.platform.filter.JwtFilter   : JwtFilter - Authentication set in SecurityContext
2026-04-20T00:57:16.747+08:00  INFO 35132 --- [heritage-platform] [           main] com.heritage.platform.filter.JwtFilter   : JwtFilter - Authorization header: Bearer eyJhbGciOiJIUzUxMiJ9.eyJyb2xlIjoiVVNFUiIsInVzZXJJZCI6NSwidXNlcm5hbWUiOiJhdXRob3ItYSIsImlhdCI6MTc3NjYxNzgzNiwiZXhwIjoxNzc2NzA0MjM2fQ.A6OsH28xCheQrTp9BArM3WrVGwvnMegq3V2GOEMskFI6NQcgMXo-i7RrJV-Io1U4tO2SD4Kr-Qnvj_dfgmk_2w
2026-04-20T00:57:16.749+08:00  INFO 35132 --- [heritage-platform] [           main] com.heritage.platform.filter.JwtFilter   : JwtFilter - Token: eyJhbGciOiJIUzUxMiJ9.eyJyb2xlIjoiVVNFUiIsInVzZXJJZCI6NSwidXNlcm5hbWUiOiJhdXRob3ItYSIsImlhdCI6MTc3NjYxNzgzNiwiZXhwIjoxNzc2NzA0MjM2fQ.A6OsH28xCheQrTp9BArM3WrVGwvnMegq3V2GOEMskFI6NQcgMXo-i7RrJV-Io1U4tO2SD4Kr-Qnvj_dfgmk_2w
2026-04-20T00:57:16.750+08:00  INFO 35132 --- [heritage-platform] [           main] com.heritage.platform.filter.JwtFilter   : JwtFilter - Valid token for user: author-a (ID: 5, Role: USER)
2026-04-20T00:57:16.751+08:00  INFO 35132 --- [heritage-platform] [           main] com.heritage.platform.filter.JwtFilter   : JwtFilter - Authentication set in SecurityContext
2026-04-20T00:57:16.781+08:00  INFO 35132 --- [heritage-platform] [           main] com.heritage.platform.filter.JwtFilter   : JwtFilter - Authorization header: Bearer eyJhbGciOiJIUzUxMiJ9.eyJyb2xlIjoiVVNFUiIsInVzZXJJZCI6NiwidXNlcm5hbWUiOiJhdXRob3ItYiIsImlhdCI6MTc3NjYxNzgzNiwiZXhwIjoxNzc2NzA0MjM2fQ.UJGCsJwJFF_DWbNb6g2yv5Q7vdAd3Z94olhSgDlOj3Z3u8NxvQSU58-0dZRcRc7MTRlpgFGtUFaHCrzIHTX0KA
2026-04-20T00:57:16.781+08:00  INFO 35132 --- [heritage-platform] [           main] com.heritage.platform.filter.JwtFilter   : JwtFilter - Token: eyJhbGciOiJIUzUxMiJ9.eyJyb2xlIjoiVVNFUiIsInVzZXJJZCI6NiwidXNlcm5hbWUiOiJhdXRob3ItYiIsImlhdCI6MTc3NjYxNzgzNiwiZXhwIjoxNzc2NzA0MjM2fQ.UJGCsJwJFF_DWbNb6g2yv5Q7vdAd3Z94olhSgDlOj3Z3u8NxvQSU58-0dZRcRc7MTRlpgFGtUFaHCrzIHTX0KA
2026-04-20T00:57:16.782+08:00  INFO 35132 --- [heritage-platform] [           main] com.heritage.platform.filter.JwtFilter   : JwtFilter - Valid token for user: author-b (ID: 6, Role: USER)
2026-04-20T00:57:16.782+08:00  INFO 35132 --- [heritage-platform] [           main] com.heritage.platform.filter.JwtFilter   : JwtFilter - Authentication set in SecurityContext
2026-04-20T00:57:16.791+08:00  INFO 35132 --- [heritage-platform] [           main] com.heritage.platform.filter.JwtFilter   : JwtFilter - Authorization header: Bearer eyJhbGciOiJIUzUxMiJ9.eyJyb2xlIjoiVVNFUiIsInVzZXJJZCI6NSwidXNlcm5hbWUiOiJhdXRob3ItYSIsImlhdCI6MTc3NjYxNzgzNiwiZXhwIjoxNzc2NzA0MjM2fQ.A6OsH28xCheQrTp9BArM3WrVGwvnMegq3V2GOEMskFI6NQcgMXo-i7RrJV-Io1U4tO2SD4Kr-Qnvj_dfgmk_2w
2026-04-20T00:57:16.791+08:00  INFO 35132 --- [heritage-platform] [           main] com.heritage.platform.filter.JwtFilter   : JwtFilter - Token: eyJhbGciOiJIUzUxMiJ9.eyJyb2xlIjoiVVNFUiIsInVzZXJJZCI6NSwidXNlcm5hbWUiOiJhdXRob3ItYSIsImlhdCI6MTc3NjYxNzgzNiwiZXhwIjoxNzc2NzA0MjM2fQ.A6OsH28xCheQrTp9BArM3WrVGwvnMegq3V2GOEMskFI6NQcgMXo-i7RrJV-Io1U4tO2SD4Kr-Qnvj_dfgmk_2w
2026-04-20T00:57:16.792+08:00  INFO 35132 --- [heritage-platform] [           main] com.heritage.platform.filter.JwtFilter   : JwtFilter - Valid token for user: author-a (ID: 5, Role: USER)
2026-04-20T00:57:16.792+08:00  INFO 35132 --- [heritage-platform] [           main] com.heritage.platform.filter.JwtFilter   : JwtFilter - Authentication set in SecurityContext
]]></system-out>
  </testcase>
  <testcase name="publicDetail_onlyAllowsPublishedPosts" classname="com.heritage.platform.PostReviewFlowApiTests" time="0.117">
    <system-out><![CDATA[2026-04-20T00:57:16.868+08:00  INFO 35132 --- [heritage-platform] [           main] com.heritage.platform.filter.JwtFilter   : JwtFilter - Authorization header: null
2026-04-20T00:57:16.870+08:00  INFO 35132 --- [heritage-platform] [           main] com.heritage.platform.filter.JwtFilter   : JwtFilter - No Authorization header found
2026-04-20T00:57:16.918+08:00  INFO 35132 --- [heritage-platform] [           main] com.heritage.platform.filter.JwtFilter   : JwtFilter - Authorization header: null
2026-04-20T00:57:16.918+08:00  INFO 35132 --- [heritage-platform] [           main] com.heritage.platform.filter.JwtFilter   : JwtFilter - No Authorization header found
]]></system-out>
  </testcase>
  <testcase name="adminCanReviewContributorApplicationsAndPromoteUser" classname="com.heritage.platform.PostReviewFlowApiTests" time="0.099">
    <system-out><![CDATA[2026-04-20T00:57:16.976+08:00  INFO 35132 --- [heritage-platform] [           main] com.heritage.platform.filter.JwtFilter   : JwtFilter - Authorization header: Bearer eyJhbGciOiJIUzUxMiJ9.eyJyb2xlIjoiQURNSU4iLCJ1c2VySWQiOjEzLCJ1c2VybmFtZSI6ImFkbWluLWEiLCJpYXQiOjE3NzY2MTc4MzYsImV4cCI6MTc3NjcwNDIzNn0.Arn9FDmohDDznOFz2EswTV0foiwsB55Y1PxGhZa31_--MzzOvpvk9H4mYM0p1gegJLpWTcfJ7NLsIRFNAmHTTQ
2026-04-20T00:57:16.977+08:00  INFO 35132 --- [heritage-platform] [           main] com.heritage.platform.filter.JwtFilter   : JwtFilter - Token: eyJhbGciOiJIUzUxMiJ9.eyJyb2xlIjoiQURNSU4iLCJ1c2VySWQiOjEzLCJ1c2VybmFtZSI6ImFkbWluLWEiLCJpYXQiOjE3NzY2MTc4MzYsImV4cCI6MTc3NjcwNDIzNn0.Arn9FDmohDDznOFz2EswTV0foiwsB55Y1PxGhZa31_--MzzOvpvk9H4mYM0p1gegJLpWTcfJ7NLsIRFNAmHTTQ
2026-04-20T00:57:16.977+08:00  INFO 35132 --- [heritage-platform] [           main] com.heritage.platform.filter.JwtFilter   : JwtFilter - Valid token for user: admin-a (ID: 13, Role: ADMIN)
2026-04-20T00:57:16.978+08:00  INFO 35132 --- [heritage-platform] [           main] com.heritage.platform.filter.JwtFilter   : JwtFilter - Authentication set in SecurityContext
2026-04-20T00:57:16.996+08:00  INFO 35132 --- [heritage-platform] [           main] com.heritage.platform.filter.JwtFilter   : JwtFilter - Authorization header: Bearer eyJhbGciOiJIUzUxMiJ9.eyJyb2xlIjoiQURNSU4iLCJ1c2VySWQiOjEzLCJ1c2VybmFtZSI6ImFkbWluLWEiLCJpYXQiOjE3NzY2MTc4MzYsImV4cCI6MTc3NjcwNDIzNn0.Arn9FDmohDDznOFz2EswTV0foiwsB55Y1PxGhZa31_--MzzOvpvk9H4mYM0p1gegJLpWTcfJ7NLsIRFNAmHTTQ
2026-04-20T00:57:16.996+08:00  INFO 35132 --- [heritage-platform] [           main] com.heritage.platform.filter.JwtFilter   : JwtFilter - Token: eyJhbGciOiJIUzUxMiJ9.eyJyb2xlIjoiQURNSU4iLCJ1c2VySWQiOjEzLCJ1c2VybmFtZSI6ImFkbWluLWEiLCJpYXQiOjE3NzY2MTc4MzYsImV4cCI6MTc3NjcwNDIzNn0.Arn9FDmohDDznOFz2EswTV0foiwsB55Y1PxGhZa31_--MzzOvpvk9H4mYM0p1gegJLpWTcfJ7NLsIRFNAmHTTQ
2026-04-20T00:57:16.998+08:00  INFO 35132 --- [heritage-platform] [           main] com.heritage.platform.filter.JwtFilter   : JwtFilter - Valid token for user: admin-a (ID: 13, Role: ADMIN)
2026-04-20T00:57:16.998+08:00  INFO 35132 --- [heritage-platform] [           main] com.heritage.platform.filter.JwtFilter   : JwtFilter - Authentication set in SecurityContext
2026-04-20T00:57:17.015+08:00  INFO 35132 --- [heritage-platform] [           main] com.heritage.platform.filter.JwtFilter   : JwtFilter - Authorization header: Bearer eyJhbGciOiJIUzUxMiJ9.eyJyb2xlIjoiQURNSU4iLCJ1c2VySWQiOjEzLCJ1c2VybmFtZSI6ImFkbWluLWEiLCJpYXQiOjE3NzY2MTc4MzcsImV4cCI6MTc3NjcwNDIzN30.puhjDK6ijiDjlgcfvkUXrWGUBNVU-YsV5nP34NvcLiy0qw6wny3unHTWCLOw5H5fwM6rxM-rrSn9HO0W64APKw
2026-04-20T00:57:17.015+08:00  INFO 35132 --- [heritage-platform] [           main] com.heritage.platform.filter.JwtFilter   : JwtFilter - Token: eyJhbGciOiJIUzUxMiJ9.eyJyb2xlIjoiQURNSU4iLCJ1c2VySWQiOjEzLCJ1c2VybmFtZSI6ImFkbWluLWEiLCJpYXQiOjE3NzY2MTc4MzcsImV4cCI6MTc3NjcwNDIzN30.puhjDK6ijiDjlgcfvkUXrWGUBNVU-YsV5nP34NvcLiy0qw6wny3unHTWCLOw5H5fwM6rxM-rrSn9HO0W64APKw
2026-04-20T00:57:17.017+08:00  INFO 35132 --- [heritage-platform] [           main] com.heritage.platform.filter.JwtFilter   : JwtFilter - Valid token for user: admin-a (ID: 13, Role: ADMIN)
2026-04-20T00:57:17.017+08:00  INFO 35132 --- [heritage-platform] [           main] com.heritage.platform.filter.JwtFilter   : JwtFilter - Authentication set in SecurityContext
]]></system-out>
  </testcase>
  <testcase name="comment_onlyWorksForPublishedPosts" classname="com.heritage.platform.PostReviewFlowApiTests" time="0.231">
    <system-out><![CDATA[2026-04-20T00:57:17.072+08:00  INFO 35132 --- [heritage-platform] [           main] com.heritage.platform.filter.JwtFilter   : JwtFilter - Authorization header: Bearer eyJhbGciOiJIUzUxMiJ9.eyJyb2xlIjoiVVNFUiIsInVzZXJJZCI6MTUsInVzZXJuYW1lIjoiYXV0aG9yLWIiLCJpYXQiOjE3NzY2MTc4MzcsImV4cCI6MTc3NjcwNDIzN30.eO7BTdHlZPB1cPgm4a18EtIFuIsVGMWO7nXW1tmGDdbQJFREL3PkGqVrnrJ1aeoC0lRDid-k9UAjuL8-nBxPmw
2026-04-20T00:57:17.072+08:00  INFO 35132 --- [heritage-platform] [           main] com.heritage.platform.filter.JwtFilter   : JwtFilter - Token: eyJhbGciOiJIUzUxMiJ9.eyJyb2xlIjoiVVNFUiIsInVzZXJJZCI6MTUsInVzZXJuYW1lIjoiYXV0aG9yLWIiLCJpYXQiOjE3NzY2MTc4MzcsImV4cCI6MTc3NjcwNDIzN30.eO7BTdHlZPB1cPgm4a18EtIFuIsVGMWO7nXW1tmGDdbQJFREL3PkGqVrnrJ1aeoC0lRDid-k9UAjuL8-nBxPmw
2026-04-20T00:57:17.074+08:00  INFO 35132 --- [heritage-platform] [           main] com.heritage.platform.filter.JwtFilter   : JwtFilter - Valid token for user: author-b (ID: 15, Role: USER)
2026-04-20T00:57:17.074+08:00  INFO 35132 --- [heritage-platform] [           main] com.heritage.platform.filter.JwtFilter   : JwtFilter - Authentication set in SecurityContext
2026-04-20T00:57:17.250+08:00  INFO 35132 --- [heritage-platform] [           main] com.heritage.platform.filter.JwtFilter   : JwtFilter - Authorization header: Bearer eyJhbGciOiJIUzUxMiJ9.eyJyb2xlIjoiVVNFUiIsInVzZXJJZCI6MTUsInVzZXJuYW1lIjoiYXV0aG9yLWIiLCJpYXQiOjE3NzY2MTc4MzcsImV4cCI6MTc3NjcwNDIzN30.eO7BTdHlZPB1cPgm4a18EtIFuIsVGMWO7nXW1tmGDdbQJFREL3PkGqVrnrJ1aeoC0lRDid-k9UAjuL8-nBxPmw
2026-04-20T00:57:17.250+08:00  INFO 35132 --- [heritage-platform] [           main] com.heritage.platform.filter.JwtFilter   : JwtFilter - Token: eyJhbGciOiJIUzUxMiJ9.eyJyb2xlIjoiVVNFUiIsInVzZXJJZCI6MTUsInVzZXJuYW1lIjoiYXV0aG9yLWIiLCJpYXQiOjE3NzY2MTc4MzcsImV4cCI6MTc3NjcwNDIzN30.eO7BTdHlZPB1cPgm4a18EtIFuIsVGMWO7nXW1tmGDdbQJFREL3PkGqVrnrJ1aeoC0lRDid-k9UAjuL8-nBxPmw
2026-04-20T00:57:17.251+08:00  INFO 35132 --- [heritage-platform] [           main] com.heritage.platform.filter.JwtFilter   : JwtFilter - Valid token for user: author-b (ID: 15, Role: USER)
2026-04-20T00:57:17.251+08:00  INFO 35132 --- [heritage-platform] [           main] com.heritage.platform.filter.JwtFilter   : JwtFilter - Authentication set in SecurityContext
]]></system-out>
  </testcase>
  <testcase name="adminCanSearchPostsByTitleAndCombineWithStatus" classname="com.heritage.platform.PostReviewFlowApiTests" time="0.092">
    <system-out><![CDATA[2026-04-20T00:57:17.310+08:00  INFO 35132 --- [heritage-platform] [           main] com.heritage.platform.filter.JwtFilter   : JwtFilter - Authorization header: Bearer eyJhbGciOiJIUzUxMiJ9.eyJyb2xlIjoiQURNSU4iLCJ1c2VySWQiOjE5LCJ1c2VybmFtZSI6ImFkbWluLWEiLCJpYXQiOjE3NzY2MTc4MzcsImV4cCI6MTc3NjcwNDIzN30.ukC8gGfgAU6LQbloNnh09tD-DDwqjXcarXKCDw-Cp67_t-I3ENvrjY5SxV9pM0jjgp4YM1nMHJXU0-7w24ZjOA
2026-04-20T00:57:17.310+08:00  INFO 35132 --- [heritage-platform] [           main] com.heritage.platform.filter.JwtFilter   : JwtFilter - Token: eyJhbGciOiJIUzUxMiJ9.eyJyb2xlIjoiQURNSU4iLCJ1c2VySWQiOjE5LCJ1c2VybmFtZSI6ImFkbWluLWEiLCJpYXQiOjE3NzY2MTc4MzcsImV4cCI6MTc3NjcwNDIzN30.ukC8gGfgAU6LQbloNnh09tD-DDwqjXcarXKCDw-Cp67_t-I3ENvrjY5SxV9pM0jjgp4YM1nMHJXU0-7w24ZjOA
2026-04-20T00:57:17.310+08:00  INFO 35132 --- [heritage-platform] [           main] com.heritage.platform.filter.JwtFilter   : JwtFilter - Valid token for user: admin-a (ID: 19, Role: ADMIN)
2026-04-20T00:57:17.310+08:00  INFO 35132 --- [heritage-platform] [           main] com.heritage.platform.filter.JwtFilter   : JwtFilter - Authentication set in SecurityContext
2026-04-20T00:57:17.341+08:00  INFO 35132 --- [heritage-platform] [           main] com.heritage.platform.filter.JwtFilter   : JwtFilter - Authorization header: Bearer eyJhbGciOiJIUzUxMiJ9.eyJyb2xlIjoiQURNSU4iLCJ1c2VySWQiOjE5LCJ1c2VybmFtZSI6ImFkbWluLWEiLCJpYXQiOjE3NzY2MTc4MzcsImV4cCI6MTc3NjcwNDIzN30.ukC8gGfgAU6LQbloNnh09tD-DDwqjXcarXKCDw-Cp67_t-I3ENvrjY5SxV9pM0jjgp4YM1nMHJXU0-7w24ZjOA
2026-04-20T00:57:17.341+08:00  INFO 35132 --- [heritage-platform] [           main] com.heritage.platform.filter.JwtFilter   : JwtFilter - Token: eyJhbGciOiJIUzUxMiJ9.eyJyb2xlIjoiQURNSU4iLCJ1c2VySWQiOjE5LCJ1c2VybmFtZSI6ImFkbWluLWEiLCJpYXQiOjE3NzY2MTc4MzcsImV4cCI6MTc3NjcwNDIzN30.ukC8gGfgAU6LQbloNnh09tD-DDwqjXcarXKCDw-Cp67_t-I3ENvrjY5SxV9pM0jjgp4YM1nMHJXU0-7w24ZjOA
2026-04-20T00:57:17.342+08:00  INFO 35132 --- [heritage-platform] [           main] com.heritage.platform.filter.JwtFilter   : JwtFilter - Valid token for user: admin-a (ID: 19, Role: ADMIN)
2026-04-20T00:57:17.342+08:00  INFO 35132 --- [heritage-platform] [           main] com.heritage.platform.filter.JwtFilter   : JwtFilter - Authentication set in SecurityContext
]]></system-out>
  </testcase>
  <testcase name="nonAdminCannotAccessAdminUserManagement" classname="com.heritage.platform.PostReviewFlowApiTests" time="0.038">
    <system-out><![CDATA[2026-04-20T00:57:17.387+08:00  INFO 35132 --- [heritage-platform] [           main] com.heritage.platform.filter.JwtFilter   : JwtFilter - Authorization header: Bearer eyJhbGciOiJIUzUxMiJ9.eyJyb2xlIjoiVVNFUiIsInVzZXJJZCI6MjAsInVzZXJuYW1lIjoiYXV0aG9yLWEiLCJpYXQiOjE3NzY2MTc4MzcsImV4cCI6MTc3NjcwNDIzN30.O-Pup07rjelfcqYFWSpH4GyyGXZX_3PNgZI0eOHh9CERHYGIBNEjN0Xy5KQ9dH1xvpH5Viw0fCaomjw5OTWmNA
2026-04-20T00:57:17.387+08:00  INFO 35132 --- [heritage-platform] [           main] com.heritage.platform.filter.JwtFilter   : JwtFilter - Token: eyJhbGciOiJIUzUxMiJ9.eyJyb2xlIjoiVVNFUiIsInVzZXJJZCI6MjAsInVzZXJuYW1lIjoiYXV0aG9yLWEiLCJpYXQiOjE3NzY2MTc4MzcsImV4cCI6MTc3NjcwNDIzN30.O-Pup07rjelfcqYFWSpH4GyyGXZX_3PNgZI0eOHh9CERHYGIBNEjN0Xy5KQ9dH1xvpH5Viw0fCaomjw5OTWmNA
2026-04-20T00:57:17.387+08:00  INFO 35132 --- [heritage-platform] [           main] com.heritage.platform.filter.JwtFilter   : JwtFilter - Valid token for user: author-a (ID: 20, Role: USER)
2026-04-20T00:57:17.387+08:00  INFO 35132 --- [heritage-platform] [           main] com.heritage.platform.filter.JwtFilter   : JwtFilter - Authentication set in SecurityContext
2026-04-20T00:57:17.394+08:00  INFO 35132 --- [heritage-platform] [           main] com.heritage.platform.filter.JwtFilter   : JwtFilter - Authorization header: Bearer eyJhbGciOiJIUzUxMiJ9.eyJyb2xlIjoiVVNFUiIsInVzZXJJZCI6MjAsInVzZXJuYW1lIjoiYXV0aG9yLWEiLCJpYXQiOjE3NzY2MTc4MzcsImV4cCI6MTc3NjcwNDIzN30.O-Pup07rjelfcqYFWSpH4GyyGXZX_3PNgZI0eOHh9CERHYGIBNEjN0Xy5KQ9dH1xvpH5Viw0fCaomjw5OTWmNA
2026-04-20T00:57:17.394+08:00  INFO 35132 --- [heritage-platform] [           main] com.heritage.platform.filter.JwtFilter   : JwtFilter - Token: eyJhbGciOiJIUzUxMiJ9.eyJyb2xlIjoiVVNFUiIsInVzZXJJZCI6MjAsInVzZXJuYW1lIjoiYXV0aG9yLWEiLCJpYXQiOjE3NzY2MTc4MzcsImV4cCI6MTc3NjcwNDIzN30.O-Pup07rjelfcqYFWSpH4GyyGXZX_3PNgZI0eOHh9CERHYGIBNEjN0Xy5KQ9dH1xvpH5Viw0fCaomjw5OTWmNA
2026-04-20T00:57:17.394+08:00  INFO 35132 --- [heritage-platform] [           main] com.heritage.platform.filter.JwtFilter   : JwtFilter - Valid token for user: author-a (ID: 20, Role: USER)
2026-04-20T00:57:17.394+08:00  INFO 35132 --- [heritage-platform] [           main] com.heritage.platform.filter.JwtFilter   : JwtFilter - Authentication set in SecurityContext
]]></system-out>
  </testcase>
  <testcase name="adminCanSortPostsBySubmittedAtAndReviewedAtWithoutBreakingFilters" classname="com.heritage.platform.PostReviewFlowApiTests" time="0.086">
    <system-out><![CDATA[2026-04-20T00:57:17.435+08:00  INFO 35132 --- [heritage-platform] [           main] com.heritage.platform.filter.JwtFilter   : JwtFilter - Authorization header: Bearer eyJhbGciOiJIUzUxMiJ9.eyJyb2xlIjoiQURNSU4iLCJ1c2VySWQiOjI1LCJ1c2VybmFtZSI6ImFkbWluLWEiLCJpYXQiOjE3NzY2MTc4MzcsImV4cCI6MTc3NjcwNDIzN30.-oNgD0HW8Scg8CU47ssV4r5F0DRCdH44H3Pc5vAa8FfVLgB6Z2atN93vGLeGYEHSRtcmpG21QwS7MyaFFOpZQQ
2026-04-20T00:57:17.435+08:00  INFO 35132 --- [heritage-platform] [           main] com.heritage.platform.filter.JwtFilter   : JwtFilter - Token: eyJhbGciOiJIUzUxMiJ9.eyJyb2xlIjoiQURNSU4iLCJ1c2VySWQiOjI1LCJ1c2VybmFtZSI6ImFkbWluLWEiLCJpYXQiOjE3NzY2MTc4MzcsImV4cCI6MTc3NjcwNDIzN30.-oNgD0HW8Scg8CU47ssV4r5F0DRCdH44H3Pc5vAa8FfVLgB6Z2atN93vGLeGYEHSRtcmpG21QwS7MyaFFOpZQQ
2026-04-20T00:57:17.437+08:00  INFO 35132 --- [heritage-platform] [           main] com.heritage.platform.filter.JwtFilter   : JwtFilter - Valid token for user: admin-a (ID: 25, Role: ADMIN)
2026-04-20T00:57:17.437+08:00  INFO 35132 --- [heritage-platform] [           main] com.heritage.platform.filter.JwtFilter   : JwtFilter - Authentication set in SecurityContext
2026-04-20T00:57:17.465+08:00  INFO 35132 --- [heritage-platform] [           main] com.heritage.platform.filter.JwtFilter   : JwtFilter - Authorization header: Bearer eyJhbGciOiJIUzUxMiJ9.eyJyb2xlIjoiQURNSU4iLCJ1c2VySWQiOjI1LCJ1c2VybmFtZSI6ImFkbWluLWEiLCJpYXQiOjE3NzY2MTc4MzcsImV4cCI6MTc3NjcwNDIzN30.-oNgD0HW8Scg8CU47ssV4r5F0DRCdH44H3Pc5vAa8FfVLgB6Z2atN93vGLeGYEHSRtcmpG21QwS7MyaFFOpZQQ
2026-04-20T00:57:17.465+08:00  INFO 35132 --- [heritage-platform] [           main] com.heritage.platform.filter.JwtFilter   : JwtFilter - Token: eyJhbGciOiJIUzUxMiJ9.eyJyb2xlIjoiQURNSU4iLCJ1c2VySWQiOjI1LCJ1c2VybmFtZSI6ImFkbWluLWEiLCJpYXQiOjE3NzY2MTc4MzcsImV4cCI6MTc3NjcwNDIzN30.-oNgD0HW8Scg8CU47ssV4r5F0DRCdH44H3Pc5vAa8FfVLgB6Z2atN93vGLeGYEHSRtcmpG21QwS7MyaFFOpZQQ
2026-04-20T00:57:17.469+08:00  INFO 35132 --- [heritage-platform] [           main] com.heritage.platform.filter.JwtFilter   : JwtFilter - Valid token for user: admin-a (ID: 25, Role: ADMIN)
2026-04-20T00:57:17.469+08:00  INFO 35132 --- [heritage-platform] [           main] com.heritage.platform.filter.JwtFilter   : JwtFilter - Authentication set in SecurityContext
]]></system-out>
  </testcase>
  <testcase name="adminReview_onlyAllowsPendingReviewToPublishedOrRejected" classname="com.heritage.platform.PostReviewFlowApiTests" time="0.149">
    <system-out><![CDATA[2026-04-20T00:57:17.528+08:00  INFO 35132 --- [heritage-platform] [           main] com.heritage.platform.filter.JwtFilter   : JwtFilter - Authorization header: Bearer eyJhbGciOiJIUzUxMiJ9.eyJyb2xlIjoiQURNSU4iLCJ1c2VySWQiOjI4LCJ1c2VybmFtZSI6ImFkbWluLWEiLCJpYXQiOjE3NzY2MTc4MzcsImV4cCI6MTc3NjcwNDIzN30.Z5bGNBhtWBH4_eYbPGtL699Z4OXsg60AK_oLElI1h0huw4WaQOS5ylLfMXBxJFFTkhtLzAk8-R9uYTJKOKsR7g
2026-04-20T00:57:17.529+08:00  INFO 35132 --- [heritage-platform] [           main] com.heritage.platform.filter.JwtFilter   : JwtFilter - Token: eyJhbGciOiJIUzUxMiJ9.eyJyb2xlIjoiQURNSU4iLCJ1c2VySWQiOjI4LCJ1c2VybmFtZSI6ImFkbWluLWEiLCJpYXQiOjE3NzY2MTc4MzcsImV4cCI6MTc3NjcwNDIzN30.Z5bGNBhtWBH4_eYbPGtL699Z4OXsg60AK_oLElI1h0huw4WaQOS5ylLfMXBxJFFTkhtLzAk8-R9uYTJKOKsR7g
2026-04-20T00:57:17.530+08:00  INFO 35132 --- [heritage-platform] [           main] com.heritage.platform.filter.JwtFilter   : JwtFilter - Valid token for user: admin-a (ID: 28, Role: ADMIN)
2026-04-20T00:57:17.530+08:00  INFO 35132 --- [heritage-platform] [           main] com.heritage.platform.filter.JwtFilter   : JwtFilter - Authentication set in SecurityContext
2026-04-20T00:57:17.578+08:00  INFO 35132 --- [heritage-platform] [           main] com.heritage.platform.filter.JwtFilter   : JwtFilter - Authorization header: Bearer eyJhbGciOiJIUzUxMiJ9.eyJyb2xlIjoiQURNSU4iLCJ1c2VySWQiOjI4LCJ1c2VybmFtZSI6ImFkbWluLWEiLCJpYXQiOjE3NzY2MTc4MzcsImV4cCI6MTc3NjcwNDIzN30.Z5bGNBhtWBH4_eYbPGtL699Z4OXsg60AK_oLElI1h0huw4WaQOS5ylLfMXBxJFFTkhtLzAk8-R9uYTJKOKsR7g
2026-04-20T00:57:17.578+08:00  INFO 35132 --- [heritage-platform] [           main] com.heritage.platform.filter.JwtFilter   : JwtFilter - Token: eyJhbGciOiJIUzUxMiJ9.eyJyb2xlIjoiQURNSU4iLCJ1c2VySWQiOjI4LCJ1c2VybmFtZSI6ImFkbWluLWEiLCJpYXQiOjE3NzY2MTc4MzcsImV4cCI6MTc3NjcwNDIzN30.Z5bGNBhtWBH4_eYbPGtL699Z4OXsg60AK_oLElI1h0huw4WaQOS5ylLfMXBxJFFTkhtLzAk8-R9uYTJKOKsR7g
2026-04-20T00:57:17.579+08:00  INFO 35132 --- [heritage-platform] [           main] com.heritage.platform.filter.JwtFilter   : JwtFilter - Valid token for user: admin-a (ID: 28, Role: ADMIN)
2026-04-20T00:57:17.579+08:00  INFO 35132 --- [heritage-platform] [           main] com.heritage.platform.filter.JwtFilter   : JwtFilter - Authentication set in SecurityContext
2026-04-20T00:57:17.594+08:00  INFO 35132 --- [heritage-platform] [           main] com.heritage.platform.filter.JwtFilter   : JwtFilter - Authorization header: Bearer eyJhbGciOiJIUzUxMiJ9.eyJyb2xlIjoiQURNSU4iLCJ1c2VySWQiOjI4LCJ1c2VybmFtZSI6ImFkbWluLWEiLCJpYXQiOjE3NzY2MTc4MzcsImV4cCI6MTc3NjcwNDIzN30.Z5bGNBhtWBH4_eYbPGtL699Z4OXsg60AK_oLElI1h0huw4WaQOS5ylLfMXBxJFFTkhtLzAk8-R9uYTJKOKsR7g
2026-04-20T00:57:17.595+08:00  INFO 35132 --- [heritage-platform] [           main] com.heritage.platform.filter.JwtFilter   : JwtFilter - Token: eyJhbGciOiJIUzUxMiJ9.eyJyb2xlIjoiQURNSU4iLCJ1c2VySWQiOjI4LCJ1c2VybmFtZSI6ImFkbWluLWEiLCJpYXQiOjE3NzY2MTc4MzcsImV4cCI6MTc3NjcwNDIzN30.Z5bGNBhtWBH4_eYbPGtL699Z4OXsg60AK_oLElI1h0huw4WaQOS5ylLfMXBxJFFTkhtLzAk8-R9uYTJKOKsR7g
2026-04-20T00:57:17.596+08:00  INFO 35132 --- [heritage-platform] [           main] com.heritage.platform.filter.JwtFilter   : JwtFilter - Valid token for user: admin-a (ID: 28, Role: ADMIN)
2026-04-20T00:57:17.596+08:00  INFO 35132 --- [heritage-platform] [           main] com.heritage.platform.filter.JwtFilter   : JwtFilter - Authentication set in SecurityContext
2026-04-20T00:57:17.622+08:00  INFO 35132 --- [heritage-platform] [           main] com.heritage.platform.filter.JwtFilter   : JwtFilter - Authorization header: Bearer eyJhbGciOiJIUzUxMiJ9.eyJyb2xlIjoiQURNSU4iLCJ1c2VySWQiOjI4LCJ1c2VybmFtZSI6ImFkbWluLWEiLCJpYXQiOjE3NzY2MTc4MzcsImV4cCI6MTc3NjcwNDIzN30.Z5bGNBhtWBH4_eYbPGtL699Z4OXsg60AK_oLElI1h0huw4WaQOS5ylLfMXBxJFFTkhtLzAk8-R9uYTJKOKsR7g
2026-04-20T00:57:17.623+08:00  INFO 35132 --- [heritage-platform] [           main] com.heritage.platform.filter.JwtFilter   : JwtFilter - Token: eyJhbGciOiJIUzUxMiJ9.eyJyb2xlIjoiQURNSU4iLCJ1c2VySWQiOjI4LCJ1c2VybmFtZSI6ImFkbWluLWEiLCJpYXQiOjE3NzY2MTc4MzcsImV4cCI6MTc3NjcwNDIzN30.Z5bGNBhtWBH4_eYbPGtL699Z4OXsg60AK_oLElI1h0huw4WaQOS5ylLfMXBxJFFTkhtLzAk8-R9uYTJKOKsR7g
2026-04-20T00:57:17.624+08:00  INFO 35132 --- [heritage-platform] [           main] com.heritage.platform.filter.JwtFilter   : JwtFilter - Valid token for user: admin-a (ID: 28, Role: ADMIN)
2026-04-20T00:57:17.624+08:00  INFO 35132 --- [heritage-platform] [           main] com.heritage.platform.filter.JwtFilter   : JwtFilter - Authentication set in SecurityContext
]]></system-out>
  </testcase>
  <testcase name="currentUserCannotViewOtherUsersPostDetail" classname="com.heritage.platform.PostReviewFlowApiTests" time="0.057">
    <system-out><![CDATA[2026-04-20T00:57:17.680+08:00  INFO 35132 --- [heritage-platform] [           main] com.heritage.platform.filter.JwtFilter   : JwtFilter - Authorization header: Bearer eyJhbGciOiJIUzUxMiJ9.eyJyb2xlIjoiVVNFUiIsInVzZXJJZCI6MjksInVzZXJuYW1lIjoiYXV0aG9yLWEiLCJpYXQiOjE3NzY2MTc4MzcsImV4cCI6MTc3NjcwNDIzN30.-hPtVD73Y6n1lnrTtA436KTOh5MvdVkyMFGCYNkWK_5nHI2xYuKtueoHkkTiYY31hTc7lh91ffFaxXrANzRmpg
2026-04-20T00:57:17.680+08:00  INFO 35132 --- [heritage-platform] [           main] com.heritage.platform.filter.JwtFilter   : JwtFilter - Token: eyJhbGciOiJIUzUxMiJ9.eyJyb2xlIjoiVVNFUiIsInVzZXJJZCI6MjksInVzZXJuYW1lIjoiYXV0aG9yLWEiLCJpYXQiOjE3NzY2MTc4MzcsImV4cCI6MTc3NjcwNDIzN30.-hPtVD73Y6n1lnrTtA436KTOh5MvdVkyMFGCYNkWK_5nHI2xYuKtueoHkkTiYY31hTc7lh91ffFaxXrANzRmpg
2026-04-20T00:57:17.681+08:00  INFO 35132 --- [heritage-platform] [           main] com.heritage.platform.filter.JwtFilter   : JwtFilter - Valid token for user: author-a (ID: 29, Role: USER)
2026-04-20T00:57:17.681+08:00  INFO 35132 --- [heritage-platform] [           main] com.heritage.platform.filter.JwtFilter   : JwtFilter - Authentication set in SecurityContext
]]></system-out>
  </testcase>
  <testcase name="adminCanListUsersByUsernameAndRole" classname="com.heritage.platform.PostReviewFlowApiTests" time="0.071">
    <system-out><![CDATA[2026-04-20T00:57:17.726+08:00  INFO 35132 --- [heritage-platform] [           main] com.heritage.platform.filter.JwtFilter   : JwtFilter - Authorization header: Bearer eyJhbGciOiJIUzUxMiJ9.eyJyb2xlIjoiQURNSU4iLCJ1c2VySWQiOjM0LCJ1c2VybmFtZSI6ImFkbWluLWEiLCJpYXQiOjE3NzY2MTc4MzcsImV4cCI6MTc3NjcwNDIzN30.ZSveRK05OmpDpzl7wsWOOpMVi9Fw8qAhvOhgiP6ge1Jt27caV8ldrPGb7hF1ajl6-TDgl39G3Y6bC92KJUW7oQ
2026-04-20T00:57:17.726+08:00  INFO 35132 --- [heritage-platform] [           main] com.heritage.platform.filter.JwtFilter   : JwtFilter - Token: eyJhbGciOiJIUzUxMiJ9.eyJyb2xlIjoiQURNSU4iLCJ1c2VySWQiOjM0LCJ1c2VybmFtZSI6ImFkbWluLWEiLCJpYXQiOjE3NzY2MTc4MzcsImV4cCI6MTc3NjcwNDIzN30.ZSveRK05OmpDpzl7wsWOOpMVi9Fw8qAhvOhgiP6ge1Jt27caV8ldrPGb7hF1ajl6-TDgl39G3Y6bC92KJUW7oQ
2026-04-20T00:57:17.726+08:00  INFO 35132 --- [heritage-platform] [           main] com.heritage.platform.filter.JwtFilter   : JwtFilter - Valid token for user: admin-a (ID: 34, Role: ADMIN)
2026-04-20T00:57:17.728+08:00  INFO 35132 --- [heritage-platform] [           main] com.heritage.platform.filter.JwtFilter   : JwtFilter - Authentication set in SecurityContext
2026-04-20T00:57:17.752+08:00  INFO 35132 --- [heritage-platform] [           main] com.heritage.platform.filter.JwtFilter   : JwtFilter - Authorization header: Bearer eyJhbGciOiJIUzUxMiJ9.eyJyb2xlIjoiQURNSU4iLCJ1c2VySWQiOjM0LCJ1c2VybmFtZSI6ImFkbWluLWEiLCJpYXQiOjE3NzY2MTc4MzcsImV4cCI6MTc3NjcwNDIzN30.ZSveRK05OmpDpzl7wsWOOpMVi9Fw8qAhvOhgiP6ge1Jt27caV8ldrPGb7hF1ajl6-TDgl39G3Y6bC92KJUW7oQ
2026-04-20T00:57:17.752+08:00  INFO 35132 --- [heritage-platform] [           main] com.heritage.platform.filter.JwtFilter   : JwtFilter - Token: eyJhbGciOiJIUzUxMiJ9.eyJyb2xlIjoiQURNSU4iLCJ1c2VySWQiOjM0LCJ1c2VybmFtZSI6ImFkbWluLWEiLCJpYXQiOjE3NzY2MTc4MzcsImV4cCI6MTc3NjcwNDIzN30.ZSveRK05OmpDpzl7wsWOOpMVi9Fw8qAhvOhgiP6ge1Jt27caV8ldrPGb7hF1ajl6-TDgl39G3Y6bC92KJUW7oQ
2026-04-20T00:57:17.753+08:00  INFO 35132 --- [heritage-platform] [           main] com.heritage.platform.filter.JwtFilter   : JwtFilter - Valid token for user: admin-a (ID: 34, Role: ADMIN)
2026-04-20T00:57:17.753+08:00  INFO 35132 --- [heritage-platform] [           main] com.heritage.platform.filter.JwtFilter   : JwtFilter - Authentication set in SecurityContext
]]></system-out>
  </testcase>
  <testcase name="archive_onlyAllowsPublishedToArchived" classname="com.heritage.platform.PostReviewFlowApiTests" time="0.075">
    <system-out><![CDATA[2026-04-20T00:57:17.801+08:00  INFO 35132 --- [heritage-platform] [           main] com.heritage.platform.filter.JwtFilter   : JwtFilter - Authorization header: Bearer eyJhbGciOiJIUzUxMiJ9.eyJyb2xlIjoiQURNSU4iLCJ1c2VySWQiOjM4LCJ1c2VybmFtZSI6ImFkbWluLWEiLCJpYXQiOjE3NzY2MTc4MzcsImV4cCI6MTc3NjcwNDIzN30.zEsvHlMBRHg0qUP--82ukYRYrpoM2OPcBLKJTxh5Z6N2M8yycaPfuCArTT7-y8uyhh2WOcoSyCkVDxMv7q15hA
2026-04-20T00:57:17.801+08:00  INFO 35132 --- [heritage-platform] [           main] com.heritage.platform.filter.JwtFilter   : JwtFilter - Token: eyJhbGciOiJIUzUxMiJ9.eyJyb2xlIjoiQURNSU4iLCJ1c2VySWQiOjM4LCJ1c2VybmFtZSI6ImFkbWluLWEiLCJpYXQiOjE3NzY2MTc4MzcsImV4cCI6MTc3NjcwNDIzN30.zEsvHlMBRHg0qUP--82ukYRYrpoM2OPcBLKJTxh5Z6N2M8yycaPfuCArTT7-y8uyhh2WOcoSyCkVDxMv7q15hA
2026-04-20T00:57:17.802+08:00  INFO 35132 --- [heritage-platform] [           main] com.heritage.platform.filter.JwtFilter   : JwtFilter - Valid token for user: admin-a (ID: 38, Role: ADMIN)
2026-04-20T00:57:17.802+08:00  INFO 35132 --- [heritage-platform] [           main] com.heritage.platform.filter.JwtFilter   : JwtFilter - Authentication set in SecurityContext
2026-04-20T00:57:17.830+08:00  INFO 35132 --- [heritage-platform] [           main] com.heritage.platform.filter.JwtFilter   : JwtFilter - Authorization header: Bearer eyJhbGciOiJIUzUxMiJ9.eyJyb2xlIjoiQURNSU4iLCJ1c2VySWQiOjM4LCJ1c2VybmFtZSI6ImFkbWluLWEiLCJpYXQiOjE3NzY2MTc4MzcsImV4cCI6MTc3NjcwNDIzN30.zEsvHlMBRHg0qUP--82ukYRYrpoM2OPcBLKJTxh5Z6N2M8yycaPfuCArTT7-y8uyhh2WOcoSyCkVDxMv7q15hA
2026-04-20T00:57:17.830+08:00  INFO 35132 --- [heritage-platform] [           main] com.heritage.platform.filter.JwtFilter   : JwtFilter - Token: eyJhbGciOiJIUzUxMiJ9.eyJyb2xlIjoiQURNSU4iLCJ1c2VySWQiOjM4LCJ1c2VybmFtZSI6ImFkbWluLWEiLCJpYXQiOjE3NzY2MTc4MzcsImV4cCI6MTc3NjcwNDIzN30.zEsvHlMBRHg0qUP--82ukYRYrpoM2OPcBLKJTxh5Z6N2M8yycaPfuCArTT7-y8uyhh2WOcoSyCkVDxMv7q15hA
2026-04-20T00:57:17.831+08:00  INFO 35132 --- [heritage-platform] [           main] com.heritage.platform.filter.JwtFilter   : JwtFilter - Valid token for user: admin-a (ID: 38, Role: ADMIN)
2026-04-20T00:57:17.831+08:00  INFO 35132 --- [heritage-platform] [           main] com.heritage.platform.filter.JwtFilter   : JwtFilter - Authentication set in SecurityContext
]]></system-out>
  </testcase>
  <testcase name="submitReview_onlyAllowsDraftOrRejectedOwnedPosts" classname="com.heritage.platform.PostReviewFlowApiTests" time="0.103">
    <system-out><![CDATA[2026-04-20T00:57:17.884+08:00  INFO 35132 --- [heritage-platform] [           main] com.heritage.platform.filter.JwtFilter   : JwtFilter - Authorization header: Bearer eyJhbGciOiJIUzUxMiJ9.eyJyb2xlIjoiVVNFUiIsInVzZXJJZCI6MzksInVzZXJuYW1lIjoiYXV0aG9yLWEiLCJpYXQiOjE3NzY2MTc4MzcsImV4cCI6MTc3NjcwNDIzN30.U0gMtVxhNqjxXevS9szMOVYC984b13E2P6JhUkOF8c--BOLDi8qn0ZToFbfMm-pPLju9UrAFwc37Bwd97tzQlg
2026-04-20T00:57:17.884+08:00  INFO 35132 --- [heritage-platform] [           main] com.heritage.platform.filter.JwtFilter   : JwtFilter - Token: eyJhbGciOiJIUzUxMiJ9.eyJyb2xlIjoiVVNFUiIsInVzZXJJZCI6MzksInVzZXJuYW1lIjoiYXV0aG9yLWEiLCJpYXQiOjE3NzY2MTc4MzcsImV4cCI6MTc3NjcwNDIzN30.U0gMtVxhNqjxXevS9szMOVYC984b13E2P6JhUkOF8c--BOLDi8qn0ZToFbfMm-pPLju9UrAFwc37Bwd97tzQlg
2026-04-20T00:57:17.885+08:00  INFO 35132 --- [heritage-platform] [           main] com.heritage.platform.filter.JwtFilter   : JwtFilter - Valid token for user: author-a (ID: 39, Role: USER)
2026-04-20T00:57:17.885+08:00  INFO 35132 --- [heritage-platform] [           main] com.heritage.platform.filter.JwtFilter   : JwtFilter - Authentication set in SecurityContext
2026-04-20T00:57:17.910+08:00  INFO 35132 --- [heritage-platform] [           main] com.heritage.platform.filter.JwtFilter   : JwtFilter - Authorization header: Bearer eyJhbGciOiJIUzUxMiJ9.eyJyb2xlIjoiVVNFUiIsInVzZXJJZCI6MzksInVzZXJuYW1lIjoiYXV0aG9yLWEiLCJpYXQiOjE3NzY2MTc4MzcsImV4cCI6MTc3NjcwNDIzN30.U0gMtVxhNqjxXevS9szMOVYC984b13E2P6JhUkOF8c--BOLDi8qn0ZToFbfMm-pPLju9UrAFwc37Bwd97tzQlg
2026-04-20T00:57:17.911+08:00  INFO 35132 --- [heritage-platform] [           main] com.heritage.platform.filter.JwtFilter   : JwtFilter - Token: eyJhbGciOiJIUzUxMiJ9.eyJyb2xlIjoiVVNFUiIsInVzZXJJZCI6MzksInVzZXJuYW1lIjoiYXV0aG9yLWEiLCJpYXQiOjE3NzY2MTc4MzcsImV4cCI6MTc3NjcwNDIzN30.U0gMtVxhNqjxXevS9szMOVYC984b13E2P6JhUkOF8c--BOLDi8qn0ZToFbfMm-pPLju9UrAFwc37Bwd97tzQlg
2026-04-20T00:57:17.911+08:00  INFO 35132 --- [heritage-platform] [           main] com.heritage.platform.filter.JwtFilter   : JwtFilter - Valid token for user: author-a (ID: 39, Role: USER)
2026-04-20T00:57:17.911+08:00  INFO 35132 --- [heritage-platform] [           main] com.heritage.platform.filter.JwtFilter   : JwtFilter - Authentication set in SecurityContext
2026-04-20T00:57:17.925+08:00  INFO 35132 --- [heritage-platform] [           main] com.heritage.platform.filter.JwtFilter   : JwtFilter - Authorization header: Bearer eyJhbGciOiJIUzUxMiJ9.eyJyb2xlIjoiVVNFUiIsInVzZXJJZCI6MzksInVzZXJuYW1lIjoiYXV0aG9yLWEiLCJpYXQiOjE3NzY2MTc4MzcsImV4cCI6MTc3NjcwNDIzN30.U0gMtVxhNqjxXevS9szMOVYC984b13E2P6JhUkOF8c--BOLDi8qn0ZToFbfMm-pPLju9UrAFwc37Bwd97tzQlg
2026-04-20T00:57:17.925+08:00  INFO 35132 --- [heritage-platform] [           main] com.heritage.platform.filter.JwtFilter   : JwtFilter - Token: eyJhbGciOiJIUzUxMiJ9.eyJyb2xlIjoiVVNFUiIsInVzZXJJZCI6MzksInVzZXJuYW1lIjoiYXV0aG9yLWEiLCJpYXQiOjE3NzY2MTc4MzcsImV4cCI6MTc3NjcwNDIzN30.U0gMtVxhNqjxXevS9szMOVYC984b13E2P6JhUkOF8c--BOLDi8qn0ZToFbfMm-pPLju9UrAFwc37Bwd97tzQlg
2026-04-20T00:57:17.925+08:00  INFO 35132 --- [heritage-platform] [           main] com.heritage.platform.filter.JwtFilter   : JwtFilter - Valid token for user: author-a (ID: 39, Role: USER)
2026-04-20T00:57:17.925+08:00  INFO 35132 --- [heritage-platform] [           main] com.heritage.platform.filter.JwtFilter   : JwtFilter - Authentication set in SecurityContext
2026-04-20T00:57:17.938+08:00  INFO 35132 --- [heritage-platform] [           main] com.heritage.platform.filter.JwtFilter   : JwtFilter - Authorization header: Bearer eyJhbGciOiJIUzUxMiJ9.eyJyb2xlIjoiVVNFUiIsInVzZXJJZCI6MzksInVzZXJuYW1lIjoiYXV0aG9yLWEiLCJpYXQiOjE3NzY2MTc4MzcsImV4cCI6MTc3NjcwNDIzN30.U0gMtVxhNqjxXevS9szMOVYC984b13E2P6JhUkOF8c--BOLDi8qn0ZToFbfMm-pPLju9UrAFwc37Bwd97tzQlg
2026-04-20T00:57:17.938+08:00  INFO 35132 --- [heritage-platform] [           main] com.heritage.platform.filter.JwtFilter   : JwtFilter - Token: eyJhbGciOiJIUzUxMiJ9.eyJyb2xlIjoiVVNFUiIsInVzZXJJZCI6MzksInVzZXJuYW1lIjoiYXV0aG9yLWEiLCJpYXQiOjE3NzY2MTc4MzcsImV4cCI6MTc3NjcwNDIzN30.U0gMtVxhNqjxXevS9szMOVYC984b13E2P6JhUkOF8c--BOLDi8qn0ZToFbfMm-pPLju9UrAFwc37Bwd97tzQlg
2026-04-20T00:57:17.938+08:00  INFO 35132 --- [heritage-platform] [           main] com.heritage.platform.filter.JwtFilter   : JwtFilter - Valid token for user: author-a (ID: 39, Role: USER)
2026-04-20T00:57:17.938+08:00  INFO 35132 --- [heritage-platform] [           main] com.heritage.platform.filter.JwtFilter   : JwtFilter - Authentication set in SecurityContext
]]></system-out>
  </testcase>
  <testcase name="userCanOnlyEditOwnDraftOrRejectedPosts" classname="com.heritage.platform.PostReviewFlowApiTests" time="0.119">
    <system-out><![CDATA[2026-04-20T00:57:17.985+08:00  INFO 35132 --- [heritage-platform] [           main] com.heritage.platform.filter.JwtFilter   : JwtFilter - Authorization header: Bearer eyJhbGciOiJIUzUxMiJ9.eyJyb2xlIjoiVVNFUiIsInVzZXJJZCI6NDIsInVzZXJuYW1lIjoiYXV0aG9yLWEiLCJpYXQiOjE3NzY2MTc4MzcsImV4cCI6MTc3NjcwNDIzN30.99OaCxaE-3dUWFBR5h3tvYY5420Pe8J9d0zBTGKbiMprMDLew97TeyVN54gBTr8ICJqPetrpUjctHHHf1Nl7tg
2026-04-20T00:57:17.985+08:00  INFO 35132 --- [heritage-platform] [           main] com.heritage.platform.filter.JwtFilter   : JwtFilter - Token: eyJhbGciOiJIUzUxMiJ9.eyJyb2xlIjoiVVNFUiIsInVzZXJJZCI6NDIsInVzZXJuYW1lIjoiYXV0aG9yLWEiLCJpYXQiOjE3NzY2MTc4MzcsImV4cCI6MTc3NjcwNDIzN30.99OaCxaE-3dUWFBR5h3tvYY5420Pe8J9d0zBTGKbiMprMDLew97TeyVN54gBTr8ICJqPetrpUjctHHHf1Nl7tg
2026-04-20T00:57:17.985+08:00  INFO 35132 --- [heritage-platform] [           main] com.heritage.platform.filter.JwtFilter   : JwtFilter - Valid token for user: author-a (ID: 42, Role: USER)
2026-04-20T00:57:17.985+08:00  INFO 35132 --- [heritage-platform] [           main] com.heritage.platform.filter.JwtFilter   : JwtFilter - Authentication set in SecurityContext
2026-04-20T00:57:18.027+08:00  INFO 35132 --- [heritage-platform] [           main] com.heritage.platform.filter.JwtFilter   : JwtFilter - Authorization header: Bearer eyJhbGciOiJIUzUxMiJ9.eyJyb2xlIjoiVVNFUiIsInVzZXJJZCI6NDIsInVzZXJuYW1lIjoiYXV0aG9yLWEiLCJpYXQiOjE3NzY2MTc4MzgsImV4cCI6MTc3NjcwNDIzOH0.sZhBHN-L7htwGgF95Y0gQjdKhBVfTlJQMd6lADcDISpO0-ZXlRYiSsxlmqj1odtOAnJkMoc7ubbR2Q3WYvdHjQ
2026-04-20T00:57:18.027+08:00  INFO 35132 --- [heritage-platform] [           main] com.heritage.platform.filter.JwtFilter   : JwtFilter - Token: eyJhbGciOiJIUzUxMiJ9.eyJyb2xlIjoiVVNFUiIsInVzZXJJZCI6NDIsInVzZXJuYW1lIjoiYXV0aG9yLWEiLCJpYXQiOjE3NzY2MTc4MzgsImV4cCI6MTc3NjcwNDIzOH0.sZhBHN-L7htwGgF95Y0gQjdKhBVfTlJQMd6lADcDISpO0-ZXlRYiSsxlmqj1odtOAnJkMoc7ubbR2Q3WYvdHjQ
2026-04-20T00:57:18.027+08:00  INFO 35132 --- [heritage-platform] [           main] com.heritage.platform.filter.JwtFilter   : JwtFilter - Valid token for user: author-a (ID: 42, Role: USER)
2026-04-20T00:57:18.030+08:00  INFO 35132 --- [heritage-platform] [           main] com.heritage.platform.filter.JwtFilter   : JwtFilter - Authentication set in SecurityContext
2026-04-20T00:57:18.044+08:00  INFO 35132 --- [heritage-platform] [           main] com.heritage.platform.filter.JwtFilter   : JwtFilter - Authorization header: Bearer eyJhbGciOiJIUzUxMiJ9.eyJyb2xlIjoiVVNFUiIsInVzZXJJZCI6NDIsInVzZXJuYW1lIjoiYXV0aG9yLWEiLCJpYXQiOjE3NzY2MTc4MzgsImV4cCI6MTc3NjcwNDIzOH0.sZhBHN-L7htwGgF95Y0gQjdKhBVfTlJQMd6lADcDISpO0-ZXlRYiSsxlmqj1odtOAnJkMoc7ubbR2Q3WYvdHjQ
2026-04-20T00:57:18.048+08:00  INFO 35132 --- [heritage-platform] [           main] com.heritage.platform.filter.JwtFilter   : JwtFilter - Token: eyJhbGciOiJIUzUxMiJ9.eyJyb2xlIjoiVVNFUiIsInVzZXJJZCI6NDIsInVzZXJuYW1lIjoiYXV0aG9yLWEiLCJpYXQiOjE3NzY2MTc4MzgsImV4cCI6MTc3NjcwNDIzOH0.sZhBHN-L7htwGgF95Y0gQjdKhBVfTlJQMd6lADcDISpO0-ZXlRYiSsxlmqj1odtOAnJkMoc7ubbR2Q3WYvdHjQ
2026-04-20T00:57:18.049+08:00  INFO 35132 --- [heritage-platform] [           main] com.heritage.platform.filter.JwtFilter   : JwtFilter - Valid token for user: author-a (ID: 42, Role: USER)
2026-04-20T00:57:18.049+08:00  INFO 35132 --- [heritage-platform] [           main] com.heritage.platform.filter.JwtFilter   : JwtFilter - Authentication set in SecurityContext
2026-04-20T00:57:18.059+08:00  INFO 35132 --- [heritage-platform] [           main] com.heritage.platform.filter.JwtFilter   : JwtFilter - Authorization header: Bearer eyJhbGciOiJIUzUxMiJ9.eyJyb2xlIjoiVVNFUiIsInVzZXJJZCI6NDIsInVzZXJuYW1lIjoiYXV0aG9yLWEiLCJpYXQiOjE3NzY2MTc4MzgsImV4cCI6MTc3NjcwNDIzOH0.sZhBHN-L7htwGgF95Y0gQjdKhBVfTlJQMd6lADcDISpO0-ZXlRYiSsxlmqj1odtOAnJkMoc7ubbR2Q3WYvdHjQ
2026-04-20T00:57:18.059+08:00  INFO 35132 --- [heritage-platform] [           main] com.heritage.platform.filter.JwtFilter   : JwtFilter - Token: eyJhbGciOiJIUzUxMiJ9.eyJyb2xlIjoiVVNFUiIsInVzZXJJZCI6NDIsInVzZXJuYW1lIjoiYXV0aG9yLWEiLCJpYXQiOjE3NzY2MTc4MzgsImV4cCI6MTc3NjcwNDIzOH0.sZhBHN-L7htwGgF95Y0gQjdKhBVfTlJQMd6lADcDISpO0-ZXlRYiSsxlmqj1odtOAnJkMoc7ubbR2Q3WYvdHjQ
2026-04-20T00:57:18.060+08:00  INFO 35132 --- [heritage-platform] [           main] com.heritage.platform.filter.JwtFilter   : JwtFilter - Valid token for user: author-a (ID: 42, Role: USER)
2026-04-20T00:57:18.060+08:00  INFO 35132 --- [heritage-platform] [           main] com.heritage.platform.filter.JwtFilter   : JwtFilter - Authentication set in SecurityContext
]]></system-out>
  </testcase>
  <testcase name="pendingReviewQueueIsOrderedBySubmittedAtDesc" classname="com.heritage.platform.PostReviewFlowApiTests" time="0.052">
    <system-out><![CDATA[2026-04-20T00:57:18.110+08:00  INFO 35132 --- [heritage-platform] [           main] com.heritage.platform.filter.JwtFilter   : JwtFilter - Authorization header: Bearer eyJhbGciOiJIUzUxMiJ9.eyJyb2xlIjoiQURNSU4iLCJ1c2VySWQiOjQ3LCJ1c2VybmFtZSI6ImFkbWluLWEiLCJpYXQiOjE3NzY2MTc4MzgsImV4cCI6MTc3NjcwNDIzOH0.9ZOeXtgdU5avWQoq_ku4tGLF2icIkK0HC1xpxx6h7J3H3s1nfRSGT1W85uyKdraJEdsVihdkljPRitmLcTqjkA
2026-04-20T00:57:18.110+08:00  INFO 35132 --- [heritage-platform] [           main] com.heritage.platform.filter.JwtFilter   : JwtFilter - Token: eyJhbGciOiJIUzUxMiJ9.eyJyb2xlIjoiQURNSU4iLCJ1c2VySWQiOjQ3LCJ1c2VybmFtZSI6ImFkbWluLWEiLCJpYXQiOjE3NzY2MTc4MzgsImV4cCI6MTc3NjcwNDIzOH0.9ZOeXtgdU5avWQoq_ku4tGLF2icIkK0HC1xpxx6h7J3H3s1nfRSGT1W85uyKdraJEdsVihdkljPRitmLcTqjkA
2026-04-20T00:57:18.110+08:00  INFO 35132 --- [heritage-platform] [           main] com.heritage.platform.filter.JwtFilter   : JwtFilter - Valid token for user: admin-a (ID: 47, Role: ADMIN)
2026-04-20T00:57:18.110+08:00  INFO 35132 --- [heritage-platform] [           main] com.heritage.platform.filter.JwtFilter   : JwtFilter - Authentication set in SecurityContext
]]></system-out>
  </testcase>
  <testcase name="restore_onlyAllowsArchivedToPublished" classname="com.heritage.platform.PostReviewFlowApiTests" time="0.062">
    <system-out><![CDATA[2026-04-20T00:57:18.154+08:00  INFO 35132 --- [heritage-platform] [           main] com.heritage.platform.filter.JwtFilter   : JwtFilter - Authorization header: Bearer eyJhbGciOiJIUzUxMiJ9.eyJyb2xlIjoiQURNSU4iLCJ1c2VySWQiOjUwLCJ1c2VybmFtZSI6ImFkbWluLWEiLCJpYXQiOjE3NzY2MTc4MzgsImV4cCI6MTc3NjcwNDIzOH0.sQN5F54Xp3cy6R9TGsDbEGPXgocpIU1rer0IWt2-0eGRaGj8LiypQnW6mBfWAxzbpRB0S35xXBDhNBxsHf0k5g
2026-04-20T00:57:18.154+08:00  INFO 35132 --- [heritage-platform] [           main] com.heritage.platform.filter.JwtFilter   : JwtFilter - Token: eyJhbGciOiJIUzUxMiJ9.eyJyb2xlIjoiQURNSU4iLCJ1c2VySWQiOjUwLCJ1c2VybmFtZSI6ImFkbWluLWEiLCJpYXQiOjE3NzY2MTc4MzgsImV4cCI6MTc3NjcwNDIzOH0.sQN5F54Xp3cy6R9TGsDbEGPXgocpIU1rer0IWt2-0eGRaGj8LiypQnW6mBfWAxzbpRB0S35xXBDhNBxsHf0k5g
2026-04-20T00:57:18.154+08:00  INFO 35132 --- [heritage-platform] [           main] com.heritage.platform.filter.JwtFilter   : JwtFilter - Valid token for user: admin-a (ID: 50, Role: ADMIN)
2026-04-20T00:57:18.154+08:00  INFO 35132 --- [heritage-platform] [           main] com.heritage.platform.filter.JwtFilter   : JwtFilter - Authentication set in SecurityContext
2026-04-20T00:57:18.177+08:00  INFO 35132 --- [heritage-platform] [           main] com.heritage.platform.filter.JwtFilter   : JwtFilter - Authorization header: Bearer eyJhbGciOiJIUzUxMiJ9.eyJyb2xlIjoiQURNSU4iLCJ1c2VySWQiOjUwLCJ1c2VybmFtZSI6ImFkbWluLWEiLCJpYXQiOjE3NzY2MTc4MzgsImV4cCI6MTc3NjcwNDIzOH0.sQN5F54Xp3cy6R9TGsDbEGPXgocpIU1rer0IWt2-0eGRaGj8LiypQnW6mBfWAxzbpRB0S35xXBDhNBxsHf0k5g
2026-04-20T00:57:18.177+08:00  INFO 35132 --- [heritage-platform] [           main] com.heritage.platform.filter.JwtFilter   : JwtFilter - Token: eyJhbGciOiJIUzUxMiJ9.eyJyb2xlIjoiQURNSU4iLCJ1c2VySWQiOjUwLCJ1c2VybmFtZSI6ImFkbWluLWEiLCJpYXQiOjE3NzY2MTc4MzgsImV4cCI6MTc3NjcwNDIzOH0.sQN5F54Xp3cy6R9TGsDbEGPXgocpIU1rer0IWt2-0eGRaGj8LiypQnW6mBfWAxzbpRB0S35xXBDhNBxsHf0k5g
2026-04-20T00:57:18.177+08:00  INFO 35132 --- [heritage-platform] [           main] com.heritage.platform.filter.JwtFilter   : JwtFilter - Valid token for user: admin-a (ID: 50, Role: ADMIN)
2026-04-20T00:57:18.177+08:00  INFO 35132 --- [heritage-platform] [           main] com.heritage.platform.filter.JwtFilter   : JwtFilter - Authentication set in SecurityContext
]]></system-out>
  </testcase>
  <testcase name="publicList_onlyReturnsPublishedPosts" classname="com.heritage.platform.PostReviewFlowApiTests" time="0.047">
    <system-out><![CDATA[2026-04-20T00:57:18.220+08:00  INFO 35132 --- [heritage-platform] [           main] com.heritage.platform.filter.JwtFilter   : JwtFilter - Authorization header: null
2026-04-20T00:57:18.220+08:00  INFO 35132 --- [heritage-platform] [           main] com.heritage.platform.filter.JwtFilter   : JwtFilter - No Authorization header found
]]></system-out>
  </testcase>
  <testcase name="nonAdminCannotAccessAdminContributorApplications" classname="com.heritage.platform.PostReviewFlowApiTests" time="0.04">
    <system-out><![CDATA[2026-04-20T00:57:18.268+08:00  INFO 35132 --- [heritage-platform] [           main] com.heritage.platform.filter.JwtFilter   : JwtFilter - Authorization header: Bearer eyJhbGciOiJIUzUxMiJ9.eyJyb2xlIjoiVVNFUiIsInVzZXJJZCI6NTQsInVzZXJuYW1lIjoiYXV0aG9yLWEiLCJpYXQiOjE3NzY2MTc4MzgsImV4cCI6MTc3NjcwNDIzOH0.zdvDWAXcsgeIc552Pdxn94p8M_5EtxW-6QwracLvHJKZ4EnygZ6BFXX_wfCt-vjFuFMiGu9-gwlhJ6daMGu9tg
2026-04-20T00:57:18.268+08:00  INFO 35132 --- [heritage-platform] [           main] com.heritage.platform.filter.JwtFilter   : JwtFilter - Token: eyJhbGciOiJIUzUxMiJ9.eyJyb2xlIjoiVVNFUiIsInVzZXJJZCI6NTQsInVzZXJuYW1lIjoiYXV0aG9yLWEiLCJpYXQiOjE3NzY2MTc4MzgsImV4cCI6MTc3NjcwNDIzOH0.zdvDWAXcsgeIc552Pdxn94p8M_5EtxW-6QwracLvHJKZ4EnygZ6BFXX_wfCt-vjFuFMiGu9-gwlhJ6daMGu9tg
2026-04-20T00:57:18.268+08:00  INFO 35132 --- [heritage-platform] [           main] com.heritage.platform.filter.JwtFilter   : JwtFilter - Valid token for user: author-a (ID: 54, Role: USER)
2026-04-20T00:57:18.268+08:00  INFO 35132 --- [heritage-platform] [           main] com.heritage.platform.filter.JwtFilter   : JwtFilter - Authentication set in SecurityContext
2026-04-20T00:57:18.271+08:00  INFO 35132 --- [heritage-platform] [           main] com.heritage.platform.filter.JwtFilter   : JwtFilter - Authorization header: Bearer eyJhbGciOiJIUzUxMiJ9.eyJyb2xlIjoiVVNFUiIsInVzZXJJZCI6NTQsInVzZXJuYW1lIjoiYXV0aG9yLWEiLCJpYXQiOjE3NzY2MTc4MzgsImV4cCI6MTc3NjcwNDIzOH0.zdvDWAXcsgeIc552Pdxn94p8M_5EtxW-6QwracLvHJKZ4EnygZ6BFXX_wfCt-vjFuFMiGu9-gwlhJ6daMGu9tg
2026-04-20T00:57:18.271+08:00  INFO 35132 --- [heritage-platform] [           main] com.heritage.platform.filter.JwtFilter   : JwtFilter - Token: eyJhbGciOiJIUzUxMiJ9.eyJyb2xlIjoiVVNFUiIsInVzZXJJZCI6NTQsInVzZXJuYW1lIjoiYXV0aG9yLWEiLCJpYXQiOjE3NzY2MTc4MzgsImV4cCI6MTc3NjcwNDIzOH0.zdvDWAXcsgeIc552Pdxn94p8M_5EtxW-6QwracLvHJKZ4EnygZ6BFXX_wfCt-vjFuFMiGu9-gwlhJ6daMGu9tg
2026-04-20T00:57:18.271+08:00  INFO 35132 --- [heritage-platform] [           main] com.heritage.platform.filter.JwtFilter   : JwtFilter - Valid token for user: author-a (ID: 54, Role: USER)
2026-04-20T00:57:18.271+08:00  INFO 35132 --- [heritage-platform] [           main] com.heritage.platform.filter.JwtFilter   : JwtFilter - Authentication set in SecurityContext
]]></system-out>
  </testcase>
  <testcase name="onlyUserCanCreateContributorApplications" classname="com.heritage.platform.PostReviewFlowApiTests" time="0.042">
    <system-out><![CDATA[2026-04-20T00:57:18.303+08:00  INFO 35132 --- [heritage-platform] [           main] com.heritage.platform.filter.JwtFilter   : JwtFilter - Authorization header: Bearer eyJhbGciOiJIUzUxMiJ9.eyJyb2xlIjoiQ09OVFJJQlVUT1IiLCJ1c2VySWQiOjYwLCJ1c2VybmFtZSI6ImNvbnRyaWJ1dG9yLXVzZXIiLCJpYXQiOjE3NzY2MTc4MzgsImV4cCI6MTc3NjcwNDIzOH0.C18aiheQ1GVqfXWrbEBWYF0WxhjCTaxhlM4zsmw4k2Ly0cm-gItMw8RvvNiBo1Pc9z4kerWTaZ5QMxFhHNGyrw
2026-04-20T00:57:18.303+08:00  INFO 35132 --- [heritage-platform] [           main] com.heritage.platform.filter.JwtFilter   : JwtFilter - Token: eyJhbGciOiJIUzUxMiJ9.eyJyb2xlIjoiQ09OVFJJQlVUT1IiLCJ1c2VySWQiOjYwLCJ1c2VybmFtZSI6ImNvbnRyaWJ1dG9yLXVzZXIiLCJpYXQiOjE3NzY2MTc4MzgsImV4cCI6MTc3NjcwNDIzOH0.C18aiheQ1GVqfXWrbEBWYF0WxhjCTaxhlM4zsmw4k2Ly0cm-gItMw8RvvNiBo1Pc9z4kerWTaZ5QMxFhHNGyrw
2026-04-20T00:57:18.303+08:00  INFO 35132 --- [heritage-platform] [           main] com.heritage.platform.filter.JwtFilter   : JwtFilter - Valid token for user: contributor-user (ID: 60, Role: CONTRIBUTOR)
2026-04-20T00:57:18.304+08:00  INFO 35132 --- [heritage-platform] [           main] com.heritage.platform.filter.JwtFilter   : JwtFilter - Authentication set in SecurityContext
2026-04-20T00:57:18.311+08:00  INFO 35132 --- [heritage-platform] [           main] com.heritage.platform.filter.JwtFilter   : JwtFilter - Authorization header: Bearer eyJhbGciOiJIUzUxMiJ9.eyJyb2xlIjoiQURNSU4iLCJ1c2VySWQiOjU5LCJ1c2VybmFtZSI6ImFkbWluLWEiLCJpYXQiOjE3NzY2MTc4MzgsImV4cCI6MTc3NjcwNDIzOH0._onkKUWNcsF0sDqRkeDupMOy1yhyYQ2F0zqcC0ja3t0hrtoYxlzGvcT13M4y1AyAjG5zKBZQjyEkIUq5UsNT_A
2026-04-20T00:57:18.311+08:00  INFO 35132 --- [heritage-platform] [           main] com.heritage.platform.filter.JwtFilter   : JwtFilter - Token: eyJhbGciOiJIUzUxMiJ9.eyJyb2xlIjoiQURNSU4iLCJ1c2VySWQiOjU5LCJ1c2VybmFtZSI6ImFkbWluLWEiLCJpYXQiOjE3NzY2MTc4MzgsImV4cCI6MTc3NjcwNDIzOH0._onkKUWNcsF0sDqRkeDupMOy1yhyYQ2F0zqcC0ja3t0hrtoYxlzGvcT13M4y1AyAjG5zKBZQjyEkIUq5UsNT_A
2026-04-20T00:57:18.312+08:00  INFO 35132 --- [heritage-platform] [           main] com.heritage.platform.filter.JwtFilter   : JwtFilter - Valid token for user: admin-a (ID: 59, Role: ADMIN)
2026-04-20T00:57:18.312+08:00  INFO 35132 --- [heritage-platform] [           main] com.heritage.platform.filter.JwtFilter   : JwtFilter - Authentication set in SecurityContext
]]></system-out>
  </testcase>
  <testcase name="currentUserCanViewOwnPostDetailAcrossAllStatuses" classname="com.heritage.platform.PostReviewFlowApiTests" time="0.125">
    <system-out><![CDATA[2026-04-20T00:57:18.354+08:00  INFO 35132 --- [heritage-platform] [           main] com.heritage.platform.filter.JwtFilter   : JwtFilter - Authorization header: Bearer eyJhbGciOiJIUzUxMiJ9.eyJyb2xlIjoiVVNFUiIsInVzZXJJZCI6NjEsInVzZXJuYW1lIjoiYXV0aG9yLWEiLCJpYXQiOjE3NzY2MTc4MzgsImV4cCI6MTc3NjcwNDIzOH0.aam0xc4N5nGCddFL66h4L3WerJHeXHz0vSyHhiVaTWeIkTyOlBMBREQEqkIasK-RWxSrWkSdgHqs7DY-0215TQ
2026-04-20T00:57:18.354+08:00  INFO 35132 --- [heritage-platform] [           main] com.heritage.platform.filter.JwtFilter   : JwtFilter - Token: eyJhbGciOiJIUzUxMiJ9.eyJyb2xlIjoiVVNFUiIsInVzZXJJZCI6NjEsInVzZXJuYW1lIjoiYXV0aG9yLWEiLCJpYXQiOjE3NzY2MTc4MzgsImV4cCI6MTc3NjcwNDIzOH0.aam0xc4N5nGCddFL66h4L3WerJHeXHz0vSyHhiVaTWeIkTyOlBMBREQEqkIasK-RWxSrWkSdgHqs7DY-0215TQ
2026-04-20T00:57:18.355+08:00  INFO 35132 --- [heritage-platform] [           main] com.heritage.platform.filter.JwtFilter   : JwtFilter - Valid token for user: author-a (ID: 61, Role: USER)
2026-04-20T00:57:18.355+08:00  INFO 35132 --- [heritage-platform] [           main] com.heritage.platform.filter.JwtFilter   : JwtFilter - Authentication set in SecurityContext
2026-04-20T00:57:18.380+08:00  INFO 35132 --- [heritage-platform] [           main] com.heritage.platform.filter.JwtFilter   : JwtFilter - Authorization header: Bearer eyJhbGciOiJIUzUxMiJ9.eyJyb2xlIjoiVVNFUiIsInVzZXJJZCI6NjEsInVzZXJuYW1lIjoiYXV0aG9yLWEiLCJpYXQiOjE3NzY2MTc4MzgsImV4cCI6MTc3NjcwNDIzOH0.aam0xc4N5nGCddFL66h4L3WerJHeXHz0vSyHhiVaTWeIkTyOlBMBREQEqkIasK-RWxSrWkSdgHqs7DY-0215TQ
2026-04-20T00:57:18.381+08:00  INFO 35132 --- [heritage-platform] [           main] com.heritage.platform.filter.JwtFilter   : JwtFilter - Token: eyJhbGciOiJIUzUxMiJ9.eyJyb2xlIjoiVVNFUiIsInVzZXJJZCI6NjEsInVzZXJuYW1lIjoiYXV0aG9yLWEiLCJpYXQiOjE3NzY2MTc4MzgsImV4cCI6MTc3NjcwNDIzOH0.aam0xc4N5nGCddFL66h4L3WerJHeXHz0vSyHhiVaTWeIkTyOlBMBREQEqkIasK-RWxSrWkSdgHqs7DY-0215TQ
2026-04-20T00:57:18.382+08:00  INFO 35132 --- [heritage-platform] [           main] com.heritage.platform.filter.JwtFilter   : JwtFilter - Valid token for user: author-a (ID: 61, Role: USER)
2026-04-20T00:57:18.383+08:00  INFO 35132 --- [heritage-platform] [           main] com.heritage.platform.filter.JwtFilter   : JwtFilter - Authentication set in SecurityContext
2026-04-20T00:57:18.395+08:00  INFO 35132 --- [heritage-platform] [           main] com.heritage.platform.filter.JwtFilter   : JwtFilter - Authorization header: Bearer eyJhbGciOiJIUzUxMiJ9.eyJyb2xlIjoiVVNFUiIsInVzZXJJZCI6NjEsInVzZXJuYW1lIjoiYXV0aG9yLWEiLCJpYXQiOjE3NzY2MTc4MzgsImV4cCI6MTc3NjcwNDIzOH0.aam0xc4N5nGCddFL66h4L3WerJHeXHz0vSyHhiVaTWeIkTyOlBMBREQEqkIasK-RWxSrWkSdgHqs7DY-0215TQ
2026-04-20T00:57:18.395+08:00  INFO 35132 --- [heritage-platform] [           main] com.heritage.platform.filter.JwtFilter   : JwtFilter - Token: eyJhbGciOiJIUzUxMiJ9.eyJyb2xlIjoiVVNFUiIsInVzZXJJZCI6NjEsInVzZXJuYW1lIjoiYXV0aG9yLWEiLCJpYXQiOjE3NzY2MTc4MzgsImV4cCI6MTc3NjcwNDIzOH0.aam0xc4N5nGCddFL66h4L3WerJHeXHz0vSyHhiVaTWeIkTyOlBMBREQEqkIasK-RWxSrWkSdgHqs7DY-0215TQ
2026-04-20T00:57:18.396+08:00  INFO 35132 --- [heritage-platform] [           main] com.heritage.platform.filter.JwtFilter   : JwtFilter - Valid token for user: author-a (ID: 61, Role: USER)
2026-04-20T00:57:18.397+08:00  INFO 35132 --- [heritage-platform] [           main] com.heritage.platform.filter.JwtFilter   : JwtFilter - Authentication set in SecurityContext
2026-04-20T00:57:18.408+08:00  INFO 35132 --- [heritage-platform] [           main] com.heritage.platform.filter.JwtFilter   : JwtFilter - Authorization header: Bearer eyJhbGciOiJIUzUxMiJ9.eyJyb2xlIjoiVVNFUiIsInVzZXJJZCI6NjEsInVzZXJuYW1lIjoiYXV0aG9yLWEiLCJpYXQiOjE3NzY2MTc4MzgsImV4cCI6MTc3NjcwNDIzOH0.aam0xc4N5nGCddFL66h4L3WerJHeXHz0vSyHhiVaTWeIkTyOlBMBREQEqkIasK-RWxSrWkSdgHqs7DY-0215TQ
2026-04-20T00:57:18.408+08:00  INFO 35132 --- [heritage-platform] [           main] com.heritage.platform.filter.JwtFilter   : JwtFilter - Token: eyJhbGciOiJIUzUxMiJ9.eyJyb2xlIjoiVVNFUiIsInVzZXJJZCI6NjEsInVzZXJuYW1lIjoiYXV0aG9yLWEiLCJpYXQiOjE3NzY2MTc4MzgsImV4cCI6MTc3NjcwNDIzOH0.aam0xc4N5nGCddFL66h4L3WerJHeXHz0vSyHhiVaTWeIkTyOlBMBREQEqkIasK-RWxSrWkSdgHqs7DY-0215TQ
2026-04-20T00:57:18.409+08:00  INFO 35132 --- [heritage-platform] [           main] com.heritage.platform.filter.JwtFilter   : JwtFilter - Valid token for user: author-a (ID: 61, Role: USER)
2026-04-20T00:57:18.409+08:00  INFO 35132 --- [heritage-platform] [           main] com.heritage.platform.filter.JwtFilter   : JwtFilter - Authentication set in SecurityContext
2026-04-20T00:57:18.420+08:00  INFO 35132 --- [heritage-platform] [           main] com.heritage.platform.filter.JwtFilter   : JwtFilter - Authorization header: Bearer eyJhbGciOiJIUzUxMiJ9.eyJyb2xlIjoiVVNFUiIsInVzZXJJZCI6NjEsInVzZXJuYW1lIjoiYXV0aG9yLWEiLCJpYXQiOjE3NzY2MTc4MzgsImV4cCI6MTc3NjcwNDIzOH0.aam0xc4N5nGCddFL66h4L3WerJHeXHz0vSyHhiVaTWeIkTyOlBMBREQEqkIasK-RWxSrWkSdgHqs7DY-0215TQ
2026-04-20T00:57:18.422+08:00  INFO 35132 --- [heritage-platform] [           main] com.heritage.platform.filter.JwtFilter   : JwtFilter - Token: eyJhbGciOiJIUzUxMiJ9.eyJyb2xlIjoiVVNFUiIsInVzZXJJZCI6NjEsInVzZXJuYW1lIjoiYXV0aG9yLWEiLCJpYXQiOjE3NzY2MTc4MzgsImV4cCI6MTc3NjcwNDIzOH0.aam0xc4N5nGCddFL66h4L3WerJHeXHz0vSyHhiVaTWeIkTyOlBMBREQEqkIasK-RWxSrWkSdgHqs7DY-0215TQ
2026-04-20T00:57:18.422+08:00  INFO 35132 --- [heritage-platform] [           main] com.heritage.platform.filter.JwtFilter   : JwtFilter - Valid token for user: author-a (ID: 61, Role: USER)
2026-04-20T00:57:18.422+08:00  INFO 35132 --- [heritage-platform] [           main] com.heritage.platform.filter.JwtFilter   : JwtFilter - Authentication set in SecurityContext
2026-04-20T00:57:18.436+08:00  INFO 35132 --- [heritage-platform] [           main] com.heritage.platform.filter.JwtFilter   : JwtFilter - Authorization header: null
2026-04-20T00:57:18.436+08:00  INFO 35132 --- [heritage-platform] [           main] com.heritage.platform.filter.JwtFilter   : JwtFilter - No Authorization header found
]]></system-out>
  </testcase>
  <testcase name="nonAdminCannotAccessAdminEndpoints" classname="com.heritage.platform.PostReviewFlowApiTests" time="0.051">
    <system-out><![CDATA[2026-04-20T00:57:18.478+08:00  INFO 35132 --- [heritage-platform] [           main] com.heritage.platform.filter.JwtFilter   : JwtFilter - Authorization header: Bearer eyJhbGciOiJIUzUxMiJ9.eyJyb2xlIjoiVVNFUiIsInVzZXJJZCI6NjQsInVzZXJuYW1lIjoiYXV0aG9yLWEiLCJpYXQiOjE3NzY2MTc4MzgsImV4cCI6MTc3NjcwNDIzOH0.1Whqy4IFQYpZyc7DQu63dUzdVY8tVf8juNUN21J9Lrfr2-4UDjuipp2e_QY-1ITSaHQfLBJ5iSmDNrAy2JxuYQ
2026-04-20T00:57:18.478+08:00  INFO 35132 --- [heritage-platform] [           main] com.heritage.platform.filter.JwtFilter   : JwtFilter - Token: eyJhbGciOiJIUzUxMiJ9.eyJyb2xlIjoiVVNFUiIsInVzZXJJZCI6NjQsInVzZXJuYW1lIjoiYXV0aG9yLWEiLCJpYXQiOjE3NzY2MTc4MzgsImV4cCI6MTc3NjcwNDIzOH0.1Whqy4IFQYpZyc7DQu63dUzdVY8tVf8juNUN21J9Lrfr2-4UDjuipp2e_QY-1ITSaHQfLBJ5iSmDNrAy2JxuYQ
2026-04-20T00:57:18.478+08:00  INFO 35132 --- [heritage-platform] [           main] com.heritage.platform.filter.JwtFilter   : JwtFilter - Valid token for user: author-a (ID: 64, Role: USER)
2026-04-20T00:57:18.478+08:00  INFO 35132 --- [heritage-platform] [           main] com.heritage.platform.filter.JwtFilter   : JwtFilter - Authentication set in SecurityContext
2026-04-20T00:57:18.481+08:00  INFO 35132 --- [heritage-platform] [           main] com.heritage.platform.filter.JwtFilter   : JwtFilter - Authorization header: Bearer eyJhbGciOiJIUzUxMiJ9.eyJyb2xlIjoiVVNFUiIsInVzZXJJZCI6NjQsInVzZXJuYW1lIjoiYXV0aG9yLWEiLCJpYXQiOjE3NzY2MTc4MzgsImV4cCI6MTc3NjcwNDIzOH0.1Whqy4IFQYpZyc7DQu63dUzdVY8tVf8juNUN21J9Lrfr2-4UDjuipp2e_QY-1ITSaHQfLBJ5iSmDNrAy2JxuYQ
2026-04-20T00:57:18.481+08:00  INFO 35132 --- [heritage-platform] [           main] com.heritage.platform.filter.JwtFilter   : JwtFilter - Token: eyJhbGciOiJIUzUxMiJ9.eyJyb2xlIjoiVVNFUiIsInVzZXJJZCI6NjQsInVzZXJuYW1lIjoiYXV0aG9yLWEiLCJpYXQiOjE3NzY2MTc4MzgsImV4cCI6MTc3NjcwNDIzOH0.1Whqy4IFQYpZyc7DQu63dUzdVY8tVf8juNUN21J9Lrfr2-4UDjuipp2e_QY-1ITSaHQfLBJ5iSmDNrAy2JxuYQ
2026-04-20T00:57:18.483+08:00  INFO 35132 --- [heritage-platform] [           main] com.heritage.platform.filter.JwtFilter   : JwtFilter - Valid token for user: author-a (ID: 64, Role: USER)
2026-04-20T00:57:18.483+08:00  INFO 35132 --- [heritage-platform] [           main] com.heritage.platform.filter.JwtFilter   : JwtFilter - Authentication set in SecurityContext
2026-04-20T00:57:18.485+08:00  INFO 35132 --- [heritage-platform] [           main] com.heritage.platform.filter.JwtFilter   : JwtFilter - Authorization header: Bearer eyJhbGciOiJIUzUxMiJ9.eyJyb2xlIjoiVVNFUiIsInVzZXJJZCI6NjQsInVzZXJuYW1lIjoiYXV0aG9yLWEiLCJpYXQiOjE3NzY2MTc4MzgsImV4cCI6MTc3NjcwNDIzOH0.1Whqy4IFQYpZyc7DQu63dUzdVY8tVf8juNUN21J9Lrfr2-4UDjuipp2e_QY-1ITSaHQfLBJ5iSmDNrAy2JxuYQ
2026-04-20T00:57:18.485+08:00  INFO 35132 --- [heritage-platform] [           main] com.heritage.platform.filter.JwtFilter   : JwtFilter - Token: eyJhbGciOiJIUzUxMiJ9.eyJyb2xlIjoiVVNFUiIsInVzZXJJZCI6NjQsInVzZXJuYW1lIjoiYXV0aG9yLWEiLCJpYXQiOjE3NzY2MTc4MzgsImV4cCI6MTc3NjcwNDIzOH0.1Whqy4IFQYpZyc7DQu63dUzdVY8tVf8juNUN21J9Lrfr2-4UDjuipp2e_QY-1ITSaHQfLBJ5iSmDNrAy2JxuYQ
2026-04-20T00:57:18.486+08:00  INFO 35132 --- [heritage-platform] [           main] com.heritage.platform.filter.JwtFilter   : JwtFilter - Valid token for user: author-a (ID: 64, Role: USER)
2026-04-20T00:57:18.486+08:00  INFO 35132 --- [heritage-platform] [           main] com.heritage.platform.filter.JwtFilter   : JwtFilter - Authentication set in SecurityContext
2026-04-20T00:57:18.488+08:00  INFO 35132 --- [heritage-platform] [           main] com.heritage.platform.filter.JwtFilter   : JwtFilter - Authorization header: Bearer eyJhbGciOiJIUzUxMiJ9.eyJyb2xlIjoiVVNFUiIsInVzZXJJZCI6NjQsInVzZXJuYW1lIjoiYXV0aG9yLWEiLCJpYXQiOjE3NzY2MTc4MzgsImV4cCI6MTc3NjcwNDIzOH0.1Whqy4IFQYpZyc7DQu63dUzdVY8tVf8juNUN21J9Lrfr2-4UDjuipp2e_QY-1ITSaHQfLBJ5iSmDNrAy2JxuYQ
2026-04-20T00:57:18.488+08:00  INFO 35132 --- [heritage-platform] [           main] com.heritage.platform.filter.JwtFilter   : JwtFilter - Token: eyJhbGciOiJIUzUxMiJ9.eyJyb2xlIjoiVVNFUiIsInVzZXJJZCI6NjQsInVzZXJuYW1lIjoiYXV0aG9yLWEiLCJpYXQiOjE3NzY2MTc4MzgsImV4cCI6MTc3NjcwNDIzOH0.1Whqy4IFQYpZyc7DQu63dUzdVY8tVf8juNUN21J9Lrfr2-4UDjuipp2e_QY-1ITSaHQfLBJ5iSmDNrAy2JxuYQ
2026-04-20T00:57:18.490+08:00  INFO 35132 --- [heritage-platform] [           main] com.heritage.platform.filter.JwtFilter   : JwtFilter - Valid token for user: author-a (ID: 64, Role: USER)
2026-04-20T00:57:18.490+08:00  INFO 35132 --- [heritage-platform] [           main] com.heritage.platform.filter.JwtFilter   : JwtFilter - Authentication set in SecurityContext
2026-04-20T00:57:18.493+08:00  INFO 35132 --- [heritage-platform] [           main] com.heritage.platform.filter.JwtFilter   : JwtFilter - Authorization header: Bearer eyJhbGciOiJIUzUxMiJ9.eyJyb2xlIjoiVVNFUiIsInVzZXJJZCI6NjQsInVzZXJuYW1lIjoiYXV0aG9yLWEiLCJpYXQiOjE3NzY2MTc4MzgsImV4cCI6MTc3NjcwNDIzOH0.1Whqy4IFQYpZyc7DQu63dUzdVY8tVf8juNUN21J9Lrfr2-4UDjuipp2e_QY-1ITSaHQfLBJ5iSmDNrAy2JxuYQ
2026-04-20T00:57:18.493+08:00  INFO 35132 --- [heritage-platform] [           main] com.heritage.platform.filter.JwtFilter   : JwtFilter - Token: eyJhbGciOiJIUzUxMiJ9.eyJyb2xlIjoiVVNFUiIsInVzZXJJZCI6NjQsInVzZXJuYW1lIjoiYXV0aG9yLWEiLCJpYXQiOjE3NzY2MTc4MzgsImV4cCI6MTc3NjcwNDIzOH0.1Whqy4IFQYpZyc7DQu63dUzdVY8tVf8juNUN21J9Lrfr2-4UDjuipp2e_QY-1ITSaHQfLBJ5iSmDNrAy2JxuYQ
2026-04-20T00:57:18.494+08:00  INFO 35132 --- [heritage-platform] [           main] com.heritage.platform.filter.JwtFilter   : JwtFilter - Valid token for user: author-a (ID: 64, Role: USER)
2026-04-20T00:57:18.494+08:00  INFO 35132 --- [heritage-platform] [           main] com.heritage.platform.filter.JwtFilter   : JwtFilter - Authentication set in SecurityContext
]]></system-out>
  </testcase>
  <testcase name="adminCanUpdateUserRoleBetweenUserAndContributorOnly" classname="com.heritage.platform.PostReviewFlowApiTests" time="0.075">
    <system-out><![CDATA[2026-04-20T00:57:18.522+08:00  INFO 35132 --- [heritage-platform] [           main] com.heritage.platform.filter.JwtFilter   : JwtFilter - Authorization header: Bearer eyJhbGciOiJIUzUxMiJ9.eyJyb2xlIjoiQURNSU4iLCJ1c2VySWQiOjY5LCJ1c2VybmFtZSI6ImFkbWluLWEiLCJpYXQiOjE3NzY2MTc4MzgsImV4cCI6MTc3NjcwNDIzOH0.vpXsQmPkwhMlZU7zW_7X1NsoMnrZjGpXksyQTTnbPD70zDR14l8WVqH3jKMjBp6BJMAUqSbYLKGsiVuci1Ae6Q
2026-04-20T00:57:18.522+08:00  INFO 35132 --- [heritage-platform] [           main] com.heritage.platform.filter.JwtFilter   : JwtFilter - Token: eyJhbGciOiJIUzUxMiJ9.eyJyb2xlIjoiQURNSU4iLCJ1c2VySWQiOjY5LCJ1c2VybmFtZSI6ImFkbWluLWEiLCJpYXQiOjE3NzY2MTc4MzgsImV4cCI6MTc3NjcwNDIzOH0.vpXsQmPkwhMlZU7zW_7X1NsoMnrZjGpXksyQTTnbPD70zDR14l8WVqH3jKMjBp6BJMAUqSbYLKGsiVuci1Ae6Q
2026-04-20T00:57:18.522+08:00  INFO 35132 --- [heritage-platform] [           main] com.heritage.platform.filter.JwtFilter   : JwtFilter - Valid token for user: admin-a (ID: 69, Role: ADMIN)
2026-04-20T00:57:18.522+08:00  INFO 35132 --- [heritage-platform] [           main] com.heritage.platform.filter.JwtFilter   : JwtFilter - Authentication set in SecurityContext
2026-04-20T00:57:18.546+08:00  INFO 35132 --- [heritage-platform] [           main] com.heritage.platform.filter.JwtFilter   : JwtFilter - Authorization header: Bearer eyJhbGciOiJIUzUxMiJ9.eyJyb2xlIjoiQURNSU4iLCJ1c2VySWQiOjY5LCJ1c2VybmFtZSI6ImFkbWluLWEiLCJpYXQiOjE3NzY2MTc4MzgsImV4cCI6MTc3NjcwNDIzOH0.vpXsQmPkwhMlZU7zW_7X1NsoMnrZjGpXksyQTTnbPD70zDR14l8WVqH3jKMjBp6BJMAUqSbYLKGsiVuci1Ae6Q
2026-04-20T00:57:18.546+08:00  INFO 35132 --- [heritage-platform] [           main] com.heritage.platform.filter.JwtFilter   : JwtFilter - Token: eyJhbGciOiJIUzUxMiJ9.eyJyb2xlIjoiQURNSU4iLCJ1c2VySWQiOjY5LCJ1c2VybmFtZSI6ImFkbWluLWEiLCJpYXQiOjE3NzY2MTc4MzgsImV4cCI6MTc3NjcwNDIzOH0.vpXsQmPkwhMlZU7zW_7X1NsoMnrZjGpXksyQTTnbPD70zDR14l8WVqH3jKMjBp6BJMAUqSbYLKGsiVuci1Ae6Q
2026-04-20T00:57:18.547+08:00  INFO 35132 --- [heritage-platform] [           main] com.heritage.platform.filter.JwtFilter   : JwtFilter - Valid token for user: admin-a (ID: 69, Role: ADMIN)
2026-04-20T00:57:18.547+08:00  INFO 35132 --- [heritage-platform] [           main] com.heritage.platform.filter.JwtFilter   : JwtFilter - Authentication set in SecurityContext
2026-04-20T00:57:18.555+08:00  INFO 35132 --- [heritage-platform] [           main] com.heritage.platform.filter.JwtFilter   : JwtFilter - Authorization header: Bearer eyJhbGciOiJIUzUxMiJ9.eyJyb2xlIjoiQURNSU4iLCJ1c2VySWQiOjY5LCJ1c2VybmFtZSI6ImFkbWluLWEiLCJpYXQiOjE3NzY2MTc4MzgsImV4cCI6MTc3NjcwNDIzOH0.vpXsQmPkwhMlZU7zW_7X1NsoMnrZjGpXksyQTTnbPD70zDR14l8WVqH3jKMjBp6BJMAUqSbYLKGsiVuci1Ae6Q
2026-04-20T00:57:18.555+08:00  INFO 35132 --- [heritage-platform] [           main] com.heritage.platform.filter.JwtFilter   : JwtFilter - Token: eyJhbGciOiJIUzUxMiJ9.eyJyb2xlIjoiQURNSU4iLCJ1c2VySWQiOjY5LCJ1c2VybmFtZSI6ImFkbWluLWEiLCJpYXQiOjE3NzY2MTc4MzgsImV4cCI6MTc3NjcwNDIzOH0.vpXsQmPkwhMlZU7zW_7X1NsoMnrZjGpXksyQTTnbPD70zDR14l8WVqH3jKMjBp6BJMAUqSbYLKGsiVuci1Ae6Q
2026-04-20T00:57:18.555+08:00  INFO 35132 --- [heritage-platform] [           main] com.heritage.platform.filter.JwtFilter   : JwtFilter - Valid token for user: admin-a (ID: 69, Role: ADMIN)
2026-04-20T00:57:18.555+08:00  INFO 35132 --- [heritage-platform] [           main] com.heritage.platform.filter.JwtFilter   : JwtFilter - Authentication set in SecurityContext
2026-04-20T00:57:18.563+08:00  INFO 35132 --- [heritage-platform] [           main] com.heritage.platform.filter.JwtFilter   : JwtFilter - Authorization header: Bearer eyJhbGciOiJIUzUxMiJ9.eyJyb2xlIjoiQURNSU4iLCJ1c2VySWQiOjY5LCJ1c2VybmFtZSI6ImFkbWluLWEiLCJpYXQiOjE3NzY2MTc4MzgsImV4cCI6MTc3NjcwNDIzOH0.vpXsQmPkwhMlZU7zW_7X1NsoMnrZjGpXksyQTTnbPD70zDR14l8WVqH3jKMjBp6BJMAUqSbYLKGsiVuci1Ae6Q
2026-04-20T00:57:18.563+08:00  INFO 35132 --- [heritage-platform] [           main] com.heritage.platform.filter.JwtFilter   : JwtFilter - Token: eyJhbGciOiJIUzUxMiJ9.eyJyb2xlIjoiQURNSU4iLCJ1c2VySWQiOjY5LCJ1c2VybmFtZSI6ImFkbWluLWEiLCJpYXQiOjE3NzY2MTc4MzgsImV4cCI6MTc3NjcwNDIzOH0.vpXsQmPkwhMlZU7zW_7X1NsoMnrZjGpXksyQTTnbPD70zDR14l8WVqH3jKMjBp6BJMAUqSbYLKGsiVuci1Ae6Q
2026-04-20T00:57:18.563+08:00  INFO 35132 --- [heritage-platform] [           main] com.heritage.platform.filter.JwtFilter   : JwtFilter - Valid token for user: admin-a (ID: 69, Role: ADMIN)
2026-04-20T00:57:18.563+08:00  INFO 35132 --- [heritage-platform] [           main] com.heritage.platform.filter.JwtFilter   : JwtFilter - Authentication set in SecurityContext
]]></system-out>
  </testcase>
</testsuite>